{"/Users/alex/Development/node-lwm2m/index.js":{"path":"/Users/alex/Development/node-lwm2m/index.js","statementMap":{"0":{"start":{"line":26,"column":0},"end":{"line":26,"column":34}}},"fnMap":{},"branchMap":{},"s":{"0":1},"f":{},"b":{},"_coverageSchema":"332fd63041d2c1bcb487cc26dd0d5f7d97098a6c","hash":"308f5ca27a2875324081018e7848a815d3f99dd0","contentHash":"725a900eed9a7f9505cffbc35e3f10ca_11.1.0"},"/Users/alex/Development/node-lwm2m/lib/index.js":{"path":"/Users/alex/Development/node-lwm2m/lib/index.js","statementMap":{"0":{"start":{"line":26,"column":11},"end":{"line":26,"column":26}},"1":{"start":{"line":27,"column":14},"end":{"line":27,"column":49}},"2":{"start":{"line":28,"column":13},"end":{"line":28,"column":32}},"3":{"start":{"line":33,"column":0},"end":{"line":35,"column":3}},"4":{"start":{"line":34,"column":2},"end":{"line":34,"column":49}},"5":{"start":{"line":42,"column":0},"end":{"line":50,"column":2}},"6":{"start":{"line":55,"column":0},"end":{"line":55,"column":43}},"7":{"start":{"line":56,"column":0},"end":{"line":56,"column":50}},"8":{"start":{"line":57,"column":0},"end":{"line":57,"column":48}},"9":{"start":{"line":58,"column":0},"end":{"line":58,"column":24}}},"fnMap":{"0":{"name":"(anonymous_0)","decl":{"start":{"line":33,"column":16},"end":{"line":33,"column":17}},"loc":{"start":{"line":33,"column":33},"end":{"line":35,"column":1}},"line":33}},"branchMap":{},"s":{"0":1,"1":1,"2":1,"3":1,"4":5,"5":1,"6":1,"7":1,"8":1,"9":1},"f":{"0":5},"b":{},"_coverageSchema":"332fd63041d2c1bcb487cc26dd0d5f7d97098a6c","hash":"7d546c69677776b238623d9e2fba123e2a1fd96f","contentHash":"77910c9e2fb122a5c14738a61d319610_11.1.0"},"/Users/alex/Development/node-lwm2m/lib/contentFormats.js":{"path":"/Users/alex/Development/node-lwm2m/lib/contentFormats.js","statementMap":{"0":{"start":{"line":24,"column":11},"end":{"line":24,"column":23}},"1":{"start":{"line":25,"column":11},"end":{"line":25,"column":36}},"2":{"start":{"line":26,"column":13},"end":{"line":26,"column":39}},"3":{"start":{"line":27,"column":10},"end":{"line":27,"column":41}},"4":{"start":{"line":28,"column":11},"end":{"line":28,"column":43}},"5":{"start":{"line":30,"column":14},"end":{"line":36,"column":1}},"6":{"start":{"line":38,"column":0},"end":{"line":45,"column":2}}},"fnMap":{},"branchMap":{},"s":{"0":1,"1":1,"2":1,"3":1,"4":1,"5":1,"6":1},"f":{},"b":{},"_coverageSchema":"332fd63041d2c1bcb487cc26dd0d5f7d97098a6c","hash":"9aeb6641b8fd84f411015ab89db566695956ce36","contentHash":"c95f6d6ceadc998f0519d6763adb32b2_11.1.0"},"/Users/alex/Development/node-lwm2m/lib/schema.js":{"path":"/Users/alex/Development/node-lwm2m/lib/schema.js","statementMap":{"0":{"start":{"line":29,"column":4},"end":{"line":29,"column":60}},"1":{"start":{"line":32,"column":2},"end":{"line":32,"column":27}},"2":{"start":{"line":34,"column":2},"end":{"line":36,"column":3}},"3":{"start":{"line":35,"column":4},"end":{"line":35,"column":32}},"4":{"start":{"line":38,"column":2},"end":{"line":40,"column":3}},"5":{"start":{"line":39,"column":4},"end":{"line":39,"column":32}},"6":{"start":{"line":42,"column":2},"end":{"line":44,"column":3}},"7":{"start":{"line":43,"column":4},"end":{"line":43,"column":37}},"8":{"start":{"line":46,"column":2},"end":{"line":46,"column":15}},"9":{"start":{"line":50,"column":2},"end":{"line":52,"column":4}},"10":{"start":{"line":51,"column":4},"end":{"line":51,"column":38}},"11":{"start":{"line":56,"column":2},"end":{"line":58,"column":4}},"12":{"start":{"line":57,"column":4},"end":{"line":57,"column":50}},"13":{"start":{"line":62,"column":11},"end":{"line":62,"column":34}},"14":{"start":{"line":65,"column":2},"end":{"line":69,"column":3}},"15":{"start":{"line":66,"column":4},"end":{"line":66,"column":28}},"16":{"start":{"line":67,"column":9},"end":{"line":69,"column":3}},"17":{"start":{"line":68,"column":4},"end":{"line":68,"column":30}},"18":{"start":{"line":71,"column":2},"end":{"line":73,"column":3}},"19":{"start":{"line":72,"column":4},"end":{"line":72,"column":22}},"20":{"start":{"line":75,"column":2},"end":{"line":75,"column":12}},"21":{"start":{"line":80,"column":4},"end":{"line":82,"column":5}},"22":{"start":{"line":81,"column":6},"end":{"line":81,"column":21}},"23":{"start":{"line":84,"column":4},"end":{"line":84,"column":29}},"24":{"start":{"line":86,"column":4},"end":{"line":91,"column":25}},"25":{"start":{"line":94,"column":13},"end":{"line":94,"column":32}},"26":{"start":{"line":96,"column":2},"end":{"line":124,"column":3}},"27":{"start":{"line":98,"column":14},"end":{"line":98,"column":29}},"28":{"start":{"line":99,"column":13},"end":{"line":99,"column":17}},"29":{"start":{"line":101,"column":4},"end":{"line":103,"column":5}},"30":{"start":{"line":102,"column":6},"end":{"line":102,"column":17}},"31":{"start":{"line":105,"column":4},"end":{"line":107,"column":5}},"32":{"start":{"line":106,"column":6},"end":{"line":106,"column":17}},"33":{"start":{"line":109,"column":4},"end":{"line":111,"column":5}},"34":{"start":{"line":110,"column":6},"end":{"line":110,"column":17}},"35":{"start":{"line":113,"column":4},"end":{"line":115,"column":5}},"36":{"start":{"line":114,"column":6},"end":{"line":114,"column":17}},"37":{"start":{"line":117,"column":4},"end":{"line":119,"column":5}},"38":{"start":{"line":118,"column":6},"end":{"line":118,"column":17}},"39":{"start":{"line":121,"column":4},"end":{"line":123,"column":5}},"40":{"start":{"line":122,"column":6},"end":{"line":122,"column":61}},"41":{"start":{"line":128,"column":2},"end":{"line":132,"column":9}},"42":{"start":{"line":129,"column":13},"end":{"line":129,"column":27}},"43":{"start":{"line":130,"column":4},"end":{"line":130,"column":18}},"44":{"start":{"line":131,"column":4},"end":{"line":131,"column":15}},"45":{"start":{"line":192,"column":2},"end":{"line":194,"column":3}},"46":{"start":{"line":193,"column":4},"end":{"line":193,"column":33}},"47":{"start":{"line":196,"column":2},"end":{"line":196,"column":29}},"48":{"start":{"line":197,"column":2},"end":{"line":197,"column":28}},"49":{"start":{"line":198,"column":2},"end":{"line":198,"column":48}},"50":{"start":{"line":200,"column":2},"end":{"line":202,"column":3}},"51":{"start":{"line":201,"column":4},"end":{"line":201,"column":24}},"52":{"start":{"line":228,"column":0},"end":{"line":262,"column":2}},"53":{"start":{"line":231,"column":2},"end":{"line":231,"column":26}},"54":{"start":{"line":233,"column":2},"end":{"line":235,"column":3}},"55":{"start":{"line":234,"column":4},"end":{"line":234,"column":57}},"56":{"start":{"line":237,"column":2},"end":{"line":239,"column":3}},"57":{"start":{"line":238,"column":4},"end":{"line":238,"column":39}},"58":{"start":{"line":241,"column":2},"end":{"line":261,"column":3}},"59":{"start":{"line":242,"column":4},"end":{"line":242,"column":18}},"60":{"start":{"line":244,"column":4},"end":{"line":246,"column":5}},"61":{"start":{"line":245,"column":6},"end":{"line":245,"column":61}},"62":{"start":{"line":248,"column":4},"end":{"line":249,"column":27}},"63":{"start":{"line":250,"column":4},"end":{"line":250,"column":19}},"64":{"start":{"line":252,"column":4},"end":{"line":252,"column":37}},"65":{"start":{"line":254,"column":4},"end":{"line":256,"column":5}},"66":{"start":{"line":255,"column":6},"end":{"line":255,"column":61}},"67":{"start":{"line":258,"column":4},"end":{"line":260,"column":5}},"68":{"start":{"line":259,"column":6},"end":{"line":259,"column":61}},"69":{"start":{"line":264,"column":0},"end":{"line":264,"column":24}}},"fnMap":{"0":{"name":"_matches","decl":{"start":{"line":27,"column":9},"end":{"line":27,"column":17}},"loc":{"start":{"line":27,"column":29},"end":{"line":47,"column":1}},"line":27},"1":{"name":"typeOf","decl":{"start":{"line":28,"column":11},"end":{"line":28,"column":17}},"loc":{"start":{"line":28,"column":23},"end":{"line":30,"column":3}},"line":28},"2":{"name":"_enum","decl":{"start":{"line":49,"column":9},"end":{"line":49,"column":14}},"loc":{"start":{"line":49,"column":23},"end":{"line":53,"column":1}},"line":49},"3":{"name":"(anonymous_3)","decl":{"start":{"line":50,"column":9},"end":{"line":50,"column":10}},"loc":{"start":{"line":50,"column":23},"end":{"line":52,"column":3}},"line":50},"4":{"name":"_range","decl":{"start":{"line":55,"column":9},"end":{"line":55,"column":15}},"loc":{"start":{"line":55,"column":24},"end":{"line":59,"column":1}},"line":55},"5":{"name":"(anonymous_5)","decl":{"start":{"line":56,"column":9},"end":{"line":56,"column":10}},"loc":{"start":{"line":56,"column":23},"end":{"line":58,"column":3}},"line":56},"6":{"name":"_validateResource","decl":{"start":{"line":61,"column":9},"end":{"line":61,"column":26}},"loc":{"start":{"line":61,"column":37},"end":{"line":76,"column":1}},"line":61},"7":{"name":"_validateSchema","decl":{"start":{"line":78,"column":9},"end":{"line":78,"column":24}},"loc":{"start":{"line":78,"column":33},"end":{"line":125,"column":1}},"line":78},"8":{"name":"_validResourceType","decl":{"start":{"line":79,"column":11},"end":{"line":79,"column":29}},"loc":{"start":{"line":79,"column":36},"end":{"line":92,"column":3}},"line":79},"9":{"name":"_ids","decl":{"start":{"line":127,"column":9},"end":{"line":127,"column":13}},"loc":{"start":{"line":127,"column":22},"end":{"line":133,"column":1}},"line":127},"10":{"name":"(anonymous_10)","decl":{"start":{"line":128,"column":36},"end":{"line":128,"column":37}},"loc":{"start":{"line":128,"column":55},"end":{"line":132,"column":3}},"line":128},"11":{"name":"Schema","decl":{"start":{"line":191,"column":9},"end":{"line":191,"column":15}},"loc":{"start":{"line":191,"column":27},"end":{"line":203,"column":1}},"line":191},"12":{"name":"(anonymous_12)","decl":{"start":{"line":228,"column":28},"end":{"line":228,"column":29}},"loc":{"start":{"line":228,"column":42},"end":{"line":262,"column":1}},"line":228}},"branchMap":{"0":{"loc":{"start":{"line":32,"column":9},"end":{"line":32,"column":26}},"type":"binary-expr","locations":[{"start":{"line":32,"column":9},"end":{"line":32,"column":18}},{"start":{"line":32,"column":22},"end":{"line":32,"column":26}}],"line":32},"1":{"loc":{"start":{"line":34,"column":2},"end":{"line":36,"column":3}},"type":"if","locations":[{"start":{"line":34,"column":2},"end":{"line":36,"column":3}},{"start":{"line":34,"column":2},"end":{"line":36,"column":3}}],"line":34},"2":{"loc":{"start":{"line":38,"column":2},"end":{"line":40,"column":3}},"type":"if","locations":[{"start":{"line":38,"column":2},"end":{"line":40,"column":3}},{"start":{"line":38,"column":2},"end":{"line":40,"column":3}}],"line":38},"3":{"loc":{"start":{"line":42,"column":2},"end":{"line":44,"column":3}},"type":"if","locations":[{"start":{"line":42,"column":2},"end":{"line":44,"column":3}},{"start":{"line":42,"column":2},"end":{"line":44,"column":3}}],"line":42},"4":{"loc":{"start":{"line":42,"column":6},"end":{"line":42,"column":47}},"type":"binary-expr","locations":[{"start":{"line":42,"column":6},"end":{"line":42,"column":24}},{"start":{"line":42,"column":28},"end":{"line":42,"column":47}}],"line":42},"5":{"loc":{"start":{"line":57,"column":11},"end":{"line":57,"column":49}},"type":"binary-expr","locations":[{"start":{"line":57,"column":11},"end":{"line":57,"column":28}},{"start":{"line":57,"column":32},"end":{"line":57,"column":49}}],"line":57},"6":{"loc":{"start":{"line":65,"column":2},"end":{"line":69,"column":3}},"type":"if","locations":[{"start":{"line":65,"column":2},"end":{"line":69,"column":3}},{"start":{"line":65,"column":2},"end":{"line":69,"column":3}}],"line":65},"7":{"loc":{"start":{"line":67,"column":9},"end":{"line":69,"column":3}},"type":"if","locations":[{"start":{"line":67,"column":9},"end":{"line":69,"column":3}},{"start":{"line":67,"column":9},"end":{"line":69,"column":3}}],"line":67},"8":{"loc":{"start":{"line":71,"column":2},"end":{"line":73,"column":3}},"type":"if","locations":[{"start":{"line":71,"column":2},"end":{"line":73,"column":3}},{"start":{"line":71,"column":2},"end":{"line":73,"column":3}}],"line":71},"9":{"loc":{"start":{"line":71,"column":6},"end":{"line":71,"column":31}},"type":"binary-expr","locations":[{"start":{"line":71,"column":6},"end":{"line":71,"column":8}},{"start":{"line":71,"column":12},"end":{"line":71,"column":31}}],"line":71},"10":{"loc":{"start":{"line":80,"column":4},"end":{"line":82,"column":5}},"type":"if","locations":[{"start":{"line":80,"column":4},"end":{"line":82,"column":5}},{"start":{"line":80,"column":4},"end":{"line":82,"column":5}}],"line":80},"11":{"loc":{"start":{"line":84,"column":11},"end":{"line":84,"column":28}},"type":"binary-expr","locations":[{"start":{"line":84,"column":11},"end":{"line":84,"column":20}},{"start":{"line":84,"column":24},"end":{"line":84,"column":28}}],"line":84},"12":{"loc":{"start":{"line":101,"column":4},"end":{"line":103,"column":5}},"type":"if","locations":[{"start":{"line":101,"column":4},"end":{"line":103,"column":5}},{"start":{"line":101,"column":4},"end":{"line":103,"column":5}}],"line":101},"13":{"loc":{"start":{"line":105,"column":4},"end":{"line":107,"column":5}},"type":"if","locations":[{"start":{"line":105,"column":4},"end":{"line":107,"column":5}},{"start":{"line":105,"column":4},"end":{"line":107,"column":5}}],"line":105},"14":{"loc":{"start":{"line":109,"column":4},"end":{"line":111,"column":5}},"type":"if","locations":[{"start":{"line":109,"column":4},"end":{"line":111,"column":5}},{"start":{"line":109,"column":4},"end":{"line":111,"column":5}}],"line":109},"15":{"loc":{"start":{"line":113,"column":4},"end":{"line":115,"column":5}},"type":"if","locations":[{"start":{"line":113,"column":4},"end":{"line":115,"column":5}},{"start":{"line":113,"column":4},"end":{"line":115,"column":5}}],"line":113},"16":{"loc":{"start":{"line":113,"column":8},"end":{"line":113,"column":50}},"type":"binary-expr","locations":[{"start":{"line":113,"column":8},"end":{"line":113,"column":17}},{"start":{"line":113,"column":21},"end":{"line":113,"column":50}}],"line":113},"17":{"loc":{"start":{"line":117,"column":4},"end":{"line":119,"column":5}},"type":"if","locations":[{"start":{"line":117,"column":4},"end":{"line":119,"column":5}},{"start":{"line":117,"column":4},"end":{"line":119,"column":5}}],"line":117},"18":{"loc":{"start":{"line":117,"column":8},"end":{"line":117,"column":44}},"type":"binary-expr","locations":[{"start":{"line":117,"column":8},"end":{"line":117,"column":16}},{"start":{"line":117,"column":20},"end":{"line":117,"column":44}}],"line":117},"19":{"loc":{"start":{"line":121,"column":4},"end":{"line":123,"column":5}},"type":"if","locations":[{"start":{"line":121,"column":4},"end":{"line":123,"column":5}},{"start":{"line":121,"column":4},"end":{"line":123,"column":5}}],"line":121},"20":{"loc":{"start":{"line":192,"column":2},"end":{"line":194,"column":3}},"type":"if","locations":[{"start":{"line":192,"column":2},"end":{"line":194,"column":3}},{"start":{"line":192,"column":2},"end":{"line":194,"column":3}}],"line":192},"21":{"loc":{"start":{"line":200,"column":2},"end":{"line":202,"column":3}},"type":"if","locations":[{"start":{"line":200,"column":2},"end":{"line":202,"column":3}},{"start":{"line":200,"column":2},"end":{"line":202,"column":3}}],"line":200},"22":{"loc":{"start":{"line":233,"column":2},"end":{"line":235,"column":3}},"type":"if","locations":[{"start":{"line":233,"column":2},"end":{"line":235,"column":3}},{"start":{"line":233,"column":2},"end":{"line":235,"column":3}}],"line":233},"23":{"loc":{"start":{"line":237,"column":2},"end":{"line":239,"column":3}},"type":"if","locations":[{"start":{"line":237,"column":2},"end":{"line":239,"column":3}},{"start":{"line":237,"column":2},"end":{"line":239,"column":3}}],"line":237},"24":{"loc":{"start":{"line":244,"column":4},"end":{"line":246,"column":5}},"type":"if","locations":[{"start":{"line":244,"column":4},"end":{"line":246,"column":5}},{"start":{"line":244,"column":4},"end":{"line":246,"column":5}}],"line":244},"25":{"loc":{"start":{"line":254,"column":4},"end":{"line":256,"column":5}},"type":"if","locations":[{"start":{"line":254,"column":4},"end":{"line":256,"column":5}},{"start":{"line":254,"column":4},"end":{"line":256,"column":5}}],"line":254},"26":{"loc":{"start":{"line":254,"column":8},"end":{"line":254,"column":32}},"type":"binary-expr","locations":[{"start":{"line":254,"column":8},"end":{"line":254,"column":25}},{"start":{"line":254,"column":29},"end":{"line":254,"column":32}}],"line":254},"27":{"loc":{"start":{"line":258,"column":4},"end":{"line":260,"column":5}},"type":"if","locations":[{"start":{"line":258,"column":4},"end":{"line":260,"column":5}},{"start":{"line":258,"column":4},"end":{"line":260,"column":5}}],"line":258},"28":{"loc":{"start":{"line":258,"column":8},"end":{"line":258,"column":27}},"type":"binary-expr","locations":[{"start":{"line":258,"column":8},"end":{"line":258,"column":20}},{"start":{"line":258,"column":24},"end":{"line":258,"column":27}}],"line":258}},"s":{"0":62,"1":70,"2":70,"3":0,"4":70,"5":62,"6":8,"7":8,"8":0,"9":3,"10":2,"11":1,"12":1,"13":62,"14":62,"15":3,"16":59,"17":1,"18":62,"19":3,"20":59,"21":94,"22":14,"23":94,"24":93,"25":17,"26":17,"27":94,"28":94,"29":94,"30":1,"31":94,"32":1,"33":94,"34":1,"35":93,"36":0,"37":93,"38":0,"39":93,"40":1,"41":15,"42":90,"43":90,"44":90,"45":24,"46":7,"47":17,"48":15,"49":15,"50":15,"51":15,"52":1,"53":18,"54":18,"55":0,"56":18,"57":14,"58":18,"59":62,"60":62,"61":0,"62":62,"63":62,"64":62,"65":62,"66":4,"67":58,"68":1,"69":1},"f":{"0":70,"1":62,"2":3,"3":2,"4":1,"5":1,"6":62,"7":17,"8":94,"9":15,"10":90,"11":24,"12":18},"b":{"0":[70,60],"1":[0,70],"2":[62,8],"3":[8,0],"4":[8,8],"5":[1,1],"6":[3,59],"7":[1,58],"8":[3,59],"9":[62,51],"10":[14,80],"11":[94,77],"12":[1,93],"13":[1,93],"14":[1,92],"15":[0,93],"16":[93,6],"17":[0,93],"18":[93,6],"19":[1,92],"20":[7,17],"21":[15,0],"22":[0,18],"23":[14,4],"24":[0,62],"25":[4,58],"26":[62,53],"27":[1,57],"28":[58,1]},"_coverageSchema":"332fd63041d2c1bcb487cc26dd0d5f7d97098a6c","hash":"4a8bb46f084dd2cb3ce8fb674b1ee07434eac354","contentHash":"6283dfb7332580ac48eecc52c53b4ea2_11.1.0"},"/Users/alex/Development/node-lwm2m/lib/server/index.js":{"path":"/Users/alex/Development/node-lwm2m/lib/server/index.js","statementMap":{"0":{"start":{"line":26,"column":11},"end":{"line":26,"column":26}},"1":{"start":{"line":27,"column":10},"end":{"line":27,"column":24}},"2":{"start":{"line":28,"column":12},"end":{"line":28,"column":37}},"3":{"start":{"line":29,"column":13},"end":{"line":29,"column":33}},"4":{"start":{"line":30,"column":13},"end":{"line":30,"column":33}},"5":{"start":{"line":31,"column":14},"end":{"line":31,"column":42}},"6":{"start":{"line":32,"column":12},"end":{"line":32,"column":31}},"7":{"start":{"line":33,"column":15},"end":{"line":33,"column":36}},"8":{"start":{"line":34,"column":13},"end":{"line":34,"column":33}},"9":{"start":{"line":35,"column":14},"end":{"line":35,"column":36}},"10":{"start":{"line":36,"column":19},"end":{"line":36,"column":44}},"11":{"start":{"line":37,"column":17},"end":{"line":37,"column":34}},"12":{"start":{"line":38,"column":15},"end":{"line":38,"column":29}},"13":{"start":{"line":41,"column":2},"end":{"line":45,"column":37}},"14":{"start":{"line":65,"column":2},"end":{"line":67,"column":3}},"15":{"start":{"line":66,"column":4},"end":{"line":66,"column":31}},"16":{"start":{"line":69,"column":13},"end":{"line":69,"column":36}},"17":{"start":{"line":71,"column":2},"end":{"line":71,"column":30}},"18":{"start":{"line":73,"column":17},"end":{"line":73,"column":30}},"19":{"start":{"line":75,"column":2},"end":{"line":77,"column":5}},"20":{"start":{"line":79,"column":14},"end":{"line":79,"column":18}},"21":{"start":{"line":84,"column":17},"end":{"line":84,"column":38}},"22":{"start":{"line":85,"column":17},"end":{"line":85,"column":48}},"23":{"start":{"line":86,"column":15},"end":{"line":86,"column":44}},"24":{"start":{"line":87,"column":19},"end":{"line":87,"column":52}},"25":{"start":{"line":90,"column":17},"end":{"line":92,"column":6}},"26":{"start":{"line":94,"column":4},"end":{"line":103,"column":7}},"27":{"start":{"line":95,"column":6},"end":{"line":102,"column":9}},"28":{"start":{"line":96,"column":8},"end":{"line":101,"column":9}},"29":{"start":{"line":97,"column":10},"end":{"line":97,"column":21}},"30":{"start":{"line":98,"column":10},"end":{"line":98,"column":57}},"31":{"start":{"line":100,"column":10},"end":{"line":100,"column":20}},"32":{"start":{"line":106,"column":2},"end":{"line":108,"column":5}},"33":{"start":{"line":107,"column":4},"end":{"line":107,"column":35}},"34":{"start":{"line":110,"column":2},"end":{"line":112,"column":5}},"35":{"start":{"line":111,"column":4},"end":{"line":111,"column":39}},"36":{"start":{"line":114,"column":2},"end":{"line":116,"column":5}},"37":{"start":{"line":115,"column":4},"end":{"line":115,"column":29}},"38":{"start":{"line":118,"column":15},"end":{"line":128,"column":4}},"39":{"start":{"line":130,"column":2},"end":{"line":130,"column":29}},"40":{"start":{"line":133,"column":0},"end":{"line":133,"column":24}},"41":{"start":{"line":134,"column":0},"end":{"line":134,"column":55}},"42":{"start":{"line":135,"column":0},"end":{"line":135,"column":38}},"43":{"start":{"line":137,"column":0},"end":{"line":154,"column":2}},"44":{"start":{"line":138,"column":16},"end":{"line":141,"column":4}},"45":{"start":{"line":142,"column":13},"end":{"line":142,"column":31}},"46":{"start":{"line":144,"column":2},"end":{"line":153,"column":7}},"47":{"start":{"line":146,"column":6},"end":{"line":151,"column":9}},"48":{"start":{"line":152,"column":6},"end":{"line":152,"column":39}},"49":{"start":{"line":184,"column":0},"end":{"line":231,"column":2}},"50":{"start":{"line":185,"column":2},"end":{"line":188,"column":3}},"51":{"start":{"line":186,"column":4},"end":{"line":186,"column":23}},"52":{"start":{"line":187,"column":4},"end":{"line":187,"column":19}},"53":{"start":{"line":190,"column":2},"end":{"line":192,"column":3}},"54":{"start":{"line":191,"column":4},"end":{"line":191,"column":52}},"55":{"start":{"line":194,"column":15},"end":{"line":195,"column":30}},"56":{"start":{"line":197,"column":2},"end":{"line":199,"column":3}},"57":{"start":{"line":198,"column":4},"end":{"line":198,"column":42}},"58":{"start":{"line":201,"column":24},"end":{"line":215,"column":3}},"59":{"start":{"line":202,"column":4},"end":{"line":214,"column":7}},"60":{"start":{"line":203,"column":6},"end":{"line":213,"column":7}},"61":{"start":{"line":205,"column":19},"end":{"line":205,"column":50}},"62":{"start":{"line":206,"column":8},"end":{"line":206,"column":22}},"63":{"start":{"line":207,"column":8},"end":{"line":207,"column":14}},"64":{"start":{"line":209,"column":8},"end":{"line":209,"column":48}},"65":{"start":{"line":210,"column":8},"end":{"line":210,"column":14}},"66":{"start":{"line":212,"column":8},"end":{"line":212,"column":49}},"67":{"start":{"line":217,"column":2},"end":{"line":217,"column":64}},"68":{"start":{"line":219,"column":16},"end":{"line":224,"column":26}},"69":{"start":{"line":226,"column":2},"end":{"line":228,"column":3}},"70":{"start":{"line":227,"column":4},"end":{"line":227,"column":36}},"71":{"start":{"line":230,"column":2},"end":{"line":230,"column":17}},"72":{"start":{"line":282,"column":0},"end":{"line":353,"column":2}},"73":{"start":{"line":283,"column":2},"end":{"line":286,"column":3}},"74":{"start":{"line":284,"column":4},"end":{"line":284,"column":23}},"75":{"start":{"line":285,"column":4},"end":{"line":285,"column":17}},"76":{"start":{"line":288,"column":2},"end":{"line":290,"column":3}},"77":{"start":{"line":289,"column":4},"end":{"line":289,"column":52}},"78":{"start":{"line":292,"column":15},"end":{"line":292,"column":54}},"79":{"start":{"line":293,"column":18},"end":{"line":293,"column":76}},"80":{"start":{"line":296,"column":2},"end":{"line":320,"column":3}},"81":{"start":{"line":298,"column":17},"end":{"line":299,"column":32}},"82":{"start":{"line":301,"column":4},"end":{"line":303,"column":5}},"83":{"start":{"line":302,"column":6},"end":{"line":302,"column":44}},"84":{"start":{"line":305,"column":4},"end":{"line":313,"column":5}},"85":{"start":{"line":306,"column":6},"end":{"line":306,"column":64}},"86":{"start":{"line":308,"column":6},"end":{"line":312,"column":7}},"87":{"start":{"line":309,"column":8},"end":{"line":309,"column":20}},"88":{"start":{"line":311,"column":8},"end":{"line":311,"column":33}},"89":{"start":{"line":315,"column":4},"end":{"line":319,"column":5}},"90":{"start":{"line":316,"column":6},"end":{"line":316,"column":30}},"91":{"start":{"line":318,"column":6},"end":{"line":318,"column":22}},"92":{"start":{"line":322,"column":24},"end":{"line":332,"column":3}},"93":{"start":{"line":323,"column":4},"end":{"line":331,"column":7}},"94":{"start":{"line":324,"column":6},"end":{"line":330,"column":7}},"95":{"start":{"line":325,"column":8},"end":{"line":325,"column":46}},"96":{"start":{"line":326,"column":13},"end":{"line":330,"column":7}},"97":{"start":{"line":327,"column":8},"end":{"line":327,"column":48}},"98":{"start":{"line":329,"column":8},"end":{"line":329,"column":49}},"99":{"start":{"line":334,"column":2},"end":{"line":335,"column":20}},"100":{"start":{"line":337,"column":16},"end":{"line":346,"column":26}},"101":{"start":{"line":348,"column":2},"end":{"line":350,"column":3}},"102":{"start":{"line":349,"column":4},"end":{"line":349,"column":36}},"103":{"start":{"line":352,"column":2},"end":{"line":352,"column":17}},"104":{"start":{"line":364,"column":0},"end":{"line":399,"column":2}},"105":{"start":{"line":365,"column":2},"end":{"line":367,"column":3}},"106":{"start":{"line":366,"column":4},"end":{"line":366,"column":52}},"107":{"start":{"line":369,"column":24},"end":{"line":379,"column":3}},"108":{"start":{"line":370,"column":4},"end":{"line":378,"column":7}},"109":{"start":{"line":371,"column":6},"end":{"line":377,"column":7}},"110":{"start":{"line":372,"column":8},"end":{"line":372,"column":46}},"111":{"start":{"line":373,"column":13},"end":{"line":377,"column":7}},"112":{"start":{"line":374,"column":8},"end":{"line":374,"column":48}},"113":{"start":{"line":376,"column":8},"end":{"line":376,"column":49}},"114":{"start":{"line":381,"column":2},"end":{"line":381,"column":64}},"115":{"start":{"line":383,"column":16},"end":{"line":392,"column":26}},"116":{"start":{"line":394,"column":2},"end":{"line":396,"column":3}},"117":{"start":{"line":395,"column":4},"end":{"line":395,"column":36}},"118":{"start":{"line":398,"column":2},"end":{"line":398,"column":17}},"119":{"start":{"line":409,"column":0},"end":{"line":445,"column":2}},"120":{"start":{"line":410,"column":2},"end":{"line":412,"column":3}},"121":{"start":{"line":411,"column":4},"end":{"line":411,"column":52}},"122":{"start":{"line":414,"column":24},"end":{"line":424,"column":3}},"123":{"start":{"line":415,"column":4},"end":{"line":423,"column":7}},"124":{"start":{"line":416,"column":6},"end":{"line":422,"column":7}},"125":{"start":{"line":417,"column":8},"end":{"line":417,"column":46}},"126":{"start":{"line":418,"column":13},"end":{"line":422,"column":7}},"127":{"start":{"line":419,"column":8},"end":{"line":419,"column":48}},"128":{"start":{"line":421,"column":8},"end":{"line":421,"column":49}},"129":{"start":{"line":426,"column":2},"end":{"line":427,"column":20}},"130":{"start":{"line":429,"column":16},"end":{"line":437,"column":26}},"131":{"start":{"line":440,"column":2},"end":{"line":442,"column":3}},"132":{"start":{"line":441,"column":4},"end":{"line":441,"column":36}},"133":{"start":{"line":444,"column":2},"end":{"line":444,"column":17}},"134":{"start":{"line":467,"column":0},"end":{"line":512,"column":2}},"135":{"start":{"line":468,"column":2},"end":{"line":470,"column":3}},"136":{"start":{"line":469,"column":4},"end":{"line":469,"column":52}},"137":{"start":{"line":472,"column":14},"end":{"line":478,"column":3}},"138":{"start":{"line":480,"column":2},"end":{"line":482,"column":3}},"139":{"start":{"line":481,"column":4},"end":{"line":481,"column":62}},"140":{"start":{"line":484,"column":24},"end":{"line":494,"column":3}},"141":{"start":{"line":485,"column":4},"end":{"line":493,"column":7}},"142":{"start":{"line":486,"column":6},"end":{"line":492,"column":7}},"143":{"start":{"line":487,"column":8},"end":{"line":487,"column":46}},"144":{"start":{"line":488,"column":13},"end":{"line":492,"column":7}},"145":{"start":{"line":489,"column":8},"end":{"line":489,"column":48}},"146":{"start":{"line":491,"column":8},"end":{"line":491,"column":49}},"147":{"start":{"line":496,"column":2},"end":{"line":497,"column":32}},"148":{"start":{"line":499,"column":16},"end":{"line":505,"column":26}},"149":{"start":{"line":507,"column":2},"end":{"line":509,"column":3}},"150":{"start":{"line":508,"column":4},"end":{"line":508,"column":36}},"151":{"start":{"line":511,"column":2},"end":{"line":511,"column":17}},"152":{"start":{"line":524,"column":0},"end":{"line":595,"column":2}},"153":{"start":{"line":525,"column":2},"end":{"line":527,"column":3}},"154":{"start":{"line":526,"column":4},"end":{"line":526,"column":52}},"155":{"start":{"line":529,"column":2},"end":{"line":531,"column":3}},"156":{"start":{"line":530,"column":4},"end":{"line":530,"column":63}},"157":{"start":{"line":533,"column":2},"end":{"line":536,"column":3}},"158":{"start":{"line":534,"column":4},"end":{"line":534,"column":23}},"159":{"start":{"line":535,"column":4},"end":{"line":535,"column":17}},"160":{"start":{"line":538,"column":18},"end":{"line":538,"column":65}},"161":{"start":{"line":541,"column":2},"end":{"line":562,"column":3}},"162":{"start":{"line":543,"column":17},"end":{"line":544,"column":32}},"163":{"start":{"line":546,"column":4},"end":{"line":548,"column":5}},"164":{"start":{"line":547,"column":6},"end":{"line":547,"column":44}},"165":{"start":{"line":550,"column":4},"end":{"line":558,"column":5}},"166":{"start":{"line":551,"column":6},"end":{"line":551,"column":64}},"167":{"start":{"line":553,"column":6},"end":{"line":557,"column":7}},"168":{"start":{"line":554,"column":8},"end":{"line":554,"column":20}},"169":{"start":{"line":556,"column":8},"end":{"line":556,"column":33}},"170":{"start":{"line":561,"column":4},"end":{"line":561,"column":20}},"171":{"start":{"line":564,"column":24},"end":{"line":574,"column":3}},"172":{"start":{"line":565,"column":4},"end":{"line":573,"column":7}},"173":{"start":{"line":566,"column":6},"end":{"line":572,"column":7}},"174":{"start":{"line":567,"column":8},"end":{"line":567,"column":18}},"175":{"start":{"line":568,"column":13},"end":{"line":572,"column":7}},"176":{"start":{"line":569,"column":8},"end":{"line":569,"column":48}},"177":{"start":{"line":571,"column":8},"end":{"line":571,"column":49}},"178":{"start":{"line":576,"column":2},"end":{"line":577,"column":20}},"179":{"start":{"line":579,"column":16},"end":{"line":588,"column":26}},"180":{"start":{"line":590,"column":2},"end":{"line":592,"column":3}},"181":{"start":{"line":591,"column":4},"end":{"line":591,"column":36}},"182":{"start":{"line":594,"column":2},"end":{"line":594,"column":17}},"183":{"start":{"line":605,"column":0},"end":{"line":651,"column":2}},"184":{"start":{"line":606,"column":2},"end":{"line":622,"column":21}},"185":{"start":{"line":607,"column":4},"end":{"line":609,"column":5}},"186":{"start":{"line":608,"column":6},"end":{"line":608,"column":13}},"187":{"start":{"line":611,"column":4},"end":{"line":613,"column":5}},"188":{"start":{"line":612,"column":6},"end":{"line":612,"column":54}},"189":{"start":{"line":615,"column":4},"end":{"line":617,"column":5}},"190":{"start":{"line":616,"column":6},"end":{"line":616,"column":13}},"191":{"start":{"line":619,"column":4},"end":{"line":621,"column":5}},"192":{"start":{"line":620,"column":6},"end":{"line":620,"column":67}},"193":{"start":{"line":624,"column":24},"end":{"line":634,"column":3}},"194":{"start":{"line":625,"column":4},"end":{"line":633,"column":7}},"195":{"start":{"line":626,"column":6},"end":{"line":632,"column":7}},"196":{"start":{"line":627,"column":8},"end":{"line":627,"column":18}},"197":{"start":{"line":628,"column":13},"end":{"line":632,"column":7}},"198":{"start":{"line":629,"column":8},"end":{"line":629,"column":48}},"199":{"start":{"line":631,"column":8},"end":{"line":631,"column":49}},"200":{"start":{"line":636,"column":2},"end":{"line":637,"column":20}},"201":{"start":{"line":639,"column":16},"end":{"line":644,"column":26}},"202":{"start":{"line":646,"column":2},"end":{"line":648,"column":3}},"203":{"start":{"line":647,"column":4},"end":{"line":647,"column":36}},"204":{"start":{"line":650,"column":2},"end":{"line":650,"column":17}},"205":{"start":{"line":678,"column":0},"end":{"line":722,"column":2}},"206":{"start":{"line":679,"column":2},"end":{"line":681,"column":3}},"207":{"start":{"line":680,"column":4},"end":{"line":680,"column":52}},"208":{"start":{"line":684,"column":2},"end":{"line":687,"column":3}},"209":{"start":{"line":685,"column":4},"end":{"line":685,"column":23}},"210":{"start":{"line":686,"column":4},"end":{"line":686,"column":17}},"211":{"start":{"line":689,"column":22},"end":{"line":702,"column":3}},"212":{"start":{"line":690,"column":22},"end":{"line":690,"column":52}},"213":{"start":{"line":691,"column":17},"end":{"line":691,"column":46}},"214":{"start":{"line":693,"column":4},"end":{"line":696,"column":7}},"215":{"start":{"line":694,"column":6},"end":{"line":694,"column":38}},"216":{"start":{"line":695,"column":6},"end":{"line":695,"column":21}},"217":{"start":{"line":698,"column":4},"end":{"line":699,"column":7}},"218":{"start":{"line":701,"column":4},"end":{"line":701,"column":48}},"219":{"start":{"line":704,"column":2},"end":{"line":704,"column":64}},"220":{"start":{"line":706,"column":16},"end":{"line":715,"column":24}},"221":{"start":{"line":717,"column":2},"end":{"line":719,"column":3}},"222":{"start":{"line":718,"column":4},"end":{"line":718,"column":36}},"223":{"start":{"line":721,"column":2},"end":{"line":721,"column":17}},"224":{"start":{"line":732,"column":0},"end":{"line":755,"column":2}},"225":{"start":{"line":733,"column":2},"end":{"line":735,"column":3}},"226":{"start":{"line":734,"column":4},"end":{"line":734,"column":52}},"227":{"start":{"line":737,"column":2},"end":{"line":738,"column":20}},"228":{"start":{"line":740,"column":16},"end":{"line":748,"column":4}},"229":{"start":{"line":750,"column":2},"end":{"line":752,"column":3}},"230":{"start":{"line":751,"column":4},"end":{"line":751,"column":36}},"231":{"start":{"line":754,"column":2},"end":{"line":754,"column":17}}},"fnMap":{"0":{"name":"defaultOptions","decl":{"start":{"line":40,"column":9},"end":{"line":40,"column":23}},"loc":{"start":{"line":40,"column":33},"end":{"line":46,"column":1}},"line":40},"1":{"name":"Server","decl":{"start":{"line":64,"column":9},"end":{"line":64,"column":15}},"loc":{"start":{"line":64,"column":25},"end":{"line":131,"column":1}},"line":64},"2":{"name":"authorize","decl":{"start":{"line":89,"column":11},"end":{"line":89,"column":20}},"loc":{"start":{"line":89,"column":31},"end":{"line":104,"column":3}},"line":89},"3":{"name":"(anonymous_3)","decl":{"start":{"line":94,"column":23},"end":{"line":94,"column":24}},"loc":{"start":{"line":94,"column":49},"end":{"line":103,"column":5}},"line":94},"4":{"name":"(anonymous_4)","decl":{"start":{"line":95,"column":37},"end":{"line":95,"column":38}},"loc":{"start":{"line":95,"column":51},"end":{"line":102,"column":7}},"line":95},"5":{"name":"(anonymous_5)","decl":{"start":{"line":106,"column":24},"end":{"line":106,"column":25}},"loc":{"start":{"line":106,"column":43},"end":{"line":108,"column":3}},"line":106},"6":{"name":"(anonymous_6)","decl":{"start":{"line":110,"column":28},"end":{"line":110,"column":29}},"loc":{"start":{"line":110,"column":47},"end":{"line":112,"column":3}},"line":110},"7":{"name":"(anonymous_7)","decl":{"start":{"line":114,"column":23},"end":{"line":114,"column":24}},"loc":{"start":{"line":114,"column":37},"end":{"line":116,"column":3}},"line":114},"8":{"name":"(anonymous_8)","decl":{"start":{"line":137,"column":28},"end":{"line":137,"column":29}},"loc":{"start":{"line":137,"column":45},"end":{"line":154,"column":1}},"line":137},"9":{"name":"(anonymous_9)","decl":{"start":{"line":145,"column":10},"end":{"line":145,"column":11}},"loc":{"start":{"line":145,"column":27},"end":{"line":153,"column":5}},"line":145},"10":{"name":"(anonymous_10)","decl":{"start":{"line":184,"column":24},"end":{"line":184,"column":25}},"loc":{"start":{"line":184,"column":68},"end":{"line":231,"column":1}},"line":184},"11":{"name":"(anonymous_11)","decl":{"start":{"line":201,"column":24},"end":{"line":201,"column":25}},"loc":{"start":{"line":201,"column":38},"end":{"line":215,"column":3}},"line":201},"12":{"name":"(anonymous_12)","decl":{"start":{"line":202,"column":23},"end":{"line":202,"column":24}},"loc":{"start":{"line":202,"column":49},"end":{"line":214,"column":5}},"line":202},"13":{"name":"(anonymous_13)","decl":{"start":{"line":282,"column":25},"end":{"line":282,"column":26}},"loc":{"start":{"line":282,"column":76},"end":{"line":353,"column":1}},"line":282},"14":{"name":"(anonymous_14)","decl":{"start":{"line":322,"column":24},"end":{"line":322,"column":25}},"loc":{"start":{"line":322,"column":38},"end":{"line":332,"column":3}},"line":322},"15":{"name":"(anonymous_15)","decl":{"start":{"line":323,"column":23},"end":{"line":323,"column":24}},"loc":{"start":{"line":323,"column":49},"end":{"line":331,"column":5}},"line":323},"16":{"name":"(anonymous_16)","decl":{"start":{"line":364,"column":27},"end":{"line":364,"column":28}},"loc":{"start":{"line":364,"column":69},"end":{"line":399,"column":1}},"line":364},"17":{"name":"(anonymous_17)","decl":{"start":{"line":369,"column":24},"end":{"line":369,"column":25}},"loc":{"start":{"line":369,"column":38},"end":{"line":379,"column":3}},"line":369},"18":{"name":"(anonymous_18)","decl":{"start":{"line":370,"column":23},"end":{"line":370,"column":24}},"loc":{"start":{"line":370,"column":49},"end":{"line":378,"column":5}},"line":370},"19":{"name":"(anonymous_19)","decl":{"start":{"line":409,"column":28},"end":{"line":409,"column":29}},"loc":{"start":{"line":409,"column":63},"end":{"line":445,"column":1}},"line":409},"20":{"name":"(anonymous_20)","decl":{"start":{"line":414,"column":24},"end":{"line":414,"column":25}},"loc":{"start":{"line":414,"column":38},"end":{"line":424,"column":3}},"line":414},"21":{"name":"(anonymous_21)","decl":{"start":{"line":415,"column":23},"end":{"line":415,"column":24}},"loc":{"start":{"line":415,"column":49},"end":{"line":423,"column":5}},"line":415},"22":{"name":"(anonymous_22)","decl":{"start":{"line":467,"column":35},"end":{"line":467,"column":36}},"loc":{"start":{"line":467,"column":82},"end":{"line":512,"column":1}},"line":467},"23":{"name":"(anonymous_23)","decl":{"start":{"line":484,"column":24},"end":{"line":484,"column":25}},"loc":{"start":{"line":484,"column":38},"end":{"line":494,"column":3}},"line":484},"24":{"name":"(anonymous_24)","decl":{"start":{"line":485,"column":23},"end":{"line":485,"column":24}},"loc":{"start":{"line":485,"column":49},"end":{"line":493,"column":5}},"line":485},"25":{"name":"(anonymous_25)","decl":{"start":{"line":524,"column":26},"end":{"line":524,"column":27}},"loc":{"start":{"line":524,"column":77},"end":{"line":595,"column":1}},"line":524},"26":{"name":"(anonymous_26)","decl":{"start":{"line":564,"column":24},"end":{"line":564,"column":25}},"loc":{"start":{"line":564,"column":38},"end":{"line":574,"column":3}},"line":564},"27":{"name":"(anonymous_27)","decl":{"start":{"line":565,"column":23},"end":{"line":565,"column":24}},"loc":{"start":{"line":565,"column":49},"end":{"line":573,"column":5}},"line":565},"28":{"name":"(anonymous_28)","decl":{"start":{"line":605,"column":26},"end":{"line":605,"column":27}},"loc":{"start":{"line":605,"column":61},"end":{"line":651,"column":1}},"line":605},"29":{"name":"(anonymous_29)","decl":{"start":{"line":606,"column":3},"end":{"line":606,"column":4}},"loc":{"start":{"line":606,"column":24},"end":{"line":622,"column":3}},"line":606},"30":{"name":"(anonymous_30)","decl":{"start":{"line":624,"column":24},"end":{"line":624,"column":25}},"loc":{"start":{"line":624,"column":38},"end":{"line":634,"column":3}},"line":624},"31":{"name":"(anonymous_31)","decl":{"start":{"line":625,"column":23},"end":{"line":625,"column":24}},"loc":{"start":{"line":625,"column":49},"end":{"line":633,"column":5}},"line":625},"32":{"name":"(anonymous_32)","decl":{"start":{"line":678,"column":27},"end":{"line":678,"column":28}},"loc":{"start":{"line":678,"column":71},"end":{"line":722,"column":1}},"line":678},"33":{"name":"(anonymous_33)","decl":{"start":{"line":689,"column":22},"end":{"line":689,"column":23}},"loc":{"start":{"line":689,"column":39},"end":{"line":702,"column":3}},"line":689},"34":{"name":"(anonymous_34)","decl":{"start":{"line":693,"column":23},"end":{"line":693,"column":24}},"loc":{"start":{"line":693,"column":34},"end":{"line":696,"column":5}},"line":693},"35":{"name":"(anonymous_35)","decl":{"start":{"line":698,"column":23},"end":{"line":698,"column":24}},"loc":{"start":{"line":698,"column":34},"end":{"line":699,"column":5}},"line":698},"36":{"name":"(anonymous_36)","decl":{"start":{"line":732,"column":26},"end":{"line":732,"column":27}},"loc":{"start":{"line":732,"column":61},"end":{"line":755,"column":1}},"line":732}},"branchMap":{"0":{"loc":{"start":{"line":45,"column":5},"end":{"line":45,"column":18}},"type":"binary-expr","locations":[{"start":{"line":45,"column":5},"end":{"line":45,"column":12}},{"start":{"line":45,"column":16},"end":{"line":45,"column":18}}],"line":45},"1":{"loc":{"start":{"line":65,"column":2},"end":{"line":67,"column":3}},"type":"if","locations":[{"start":{"line":65,"column":2},"end":{"line":67,"column":3}},{"start":{"line":65,"column":2},"end":{"line":67,"column":3}}],"line":65},"2":{"loc":{"start":{"line":96,"column":8},"end":{"line":101,"column":9}},"type":"if","locations":[{"start":{"line":96,"column":8},"end":{"line":101,"column":9}},{"start":{"line":96,"column":8},"end":{"line":101,"column":9}}],"line":96},"3":{"loc":{"start":{"line":185,"column":2},"end":{"line":188,"column":3}},"type":"if","locations":[{"start":{"line":185,"column":2},"end":{"line":188,"column":3}},{"start":{"line":185,"column":2},"end":{"line":188,"column":3}}],"line":185},"4":{"loc":{"start":{"line":190,"column":2},"end":{"line":192,"column":3}},"type":"if","locations":[{"start":{"line":190,"column":2},"end":{"line":192,"column":3}},{"start":{"line":190,"column":2},"end":{"line":192,"column":3}}],"line":190},"5":{"loc":{"start":{"line":194,"column":15},"end":{"line":195,"column":30}},"type":"binary-expr","locations":[{"start":{"line":194,"column":15},"end":{"line":194,"column":22}},{"start":{"line":194,"column":26},"end":{"line":194,"column":40}},{"start":{"line":195,"column":7},"end":{"line":195,"column":30}}],"line":194},"6":{"loc":{"start":{"line":197,"column":2},"end":{"line":199,"column":3}},"type":"if","locations":[{"start":{"line":197,"column":2},"end":{"line":199,"column":3}},{"start":{"line":197,"column":2},"end":{"line":199,"column":3}}],"line":197},"7":{"loc":{"start":{"line":203,"column":6},"end":{"line":213,"column":7}},"type":"switch","locations":[{"start":{"line":204,"column":6},"end":{"line":207,"column":14}},{"start":{"line":208,"column":6},"end":{"line":210,"column":14}},{"start":{"line":211,"column":6},"end":{"line":212,"column":49}}],"line":203},"8":{"loc":{"start":{"line":226,"column":2},"end":{"line":228,"column":3}},"type":"if","locations":[{"start":{"line":226,"column":2},"end":{"line":228,"column":3}},{"start":{"line":226,"column":2},"end":{"line":228,"column":3}}],"line":226},"9":{"loc":{"start":{"line":283,"column":2},"end":{"line":286,"column":3}},"type":"if","locations":[{"start":{"line":283,"column":2},"end":{"line":286,"column":3}},{"start":{"line":283,"column":2},"end":{"line":286,"column":3}}],"line":283},"10":{"loc":{"start":{"line":288,"column":2},"end":{"line":290,"column":3}},"type":"if","locations":[{"start":{"line":288,"column":2},"end":{"line":290,"column":3}},{"start":{"line":288,"column":2},"end":{"line":290,"column":3}}],"line":288},"11":{"loc":{"start":{"line":292,"column":15},"end":{"line":292,"column":54}},"type":"cond-expr","locations":[{"start":{"line":292,"column":40},"end":{"line":292,"column":45}},{"start":{"line":292,"column":48},"end":{"line":292,"column":54}}],"line":292},"12":{"loc":{"start":{"line":293,"column":50},"end":{"line":293,"column":75}},"type":"binary-expr","locations":[{"start":{"line":293,"column":50},"end":{"line":293,"column":57}},{"start":{"line":293,"column":61},"end":{"line":293,"column":75}}],"line":293},"13":{"loc":{"start":{"line":296,"column":2},"end":{"line":320,"column":3}},"type":"if","locations":[{"start":{"line":296,"column":2},"end":{"line":320,"column":3}},{"start":{"line":296,"column":2},"end":{"line":320,"column":3}}],"line":296},"14":{"loc":{"start":{"line":298,"column":17},"end":{"line":299,"column":32}},"type":"binary-expr","locations":[{"start":{"line":298,"column":17},"end":{"line":298,"column":24}},{"start":{"line":298,"column":28},"end":{"line":298,"column":42}},{"start":{"line":299,"column":9},"end":{"line":299,"column":32}}],"line":298},"15":{"loc":{"start":{"line":301,"column":4},"end":{"line":303,"column":5}},"type":"if","locations":[{"start":{"line":301,"column":4},"end":{"line":303,"column":5}},{"start":{"line":301,"column":4},"end":{"line":303,"column":5}}],"line":301},"16":{"loc":{"start":{"line":308,"column":6},"end":{"line":312,"column":7}},"type":"if","locations":[{"start":{"line":308,"column":6},"end":{"line":312,"column":7}},{"start":{"line":308,"column":6},"end":{"line":312,"column":7}}],"line":308},"17":{"loc":{"start":{"line":315,"column":4},"end":{"line":319,"column":5}},"type":"if","locations":[{"start":{"line":315,"column":4},"end":{"line":319,"column":5}},{"start":{"line":315,"column":4},"end":{"line":319,"column":5}}],"line":315},"18":{"loc":{"start":{"line":324,"column":6},"end":{"line":330,"column":7}},"type":"if","locations":[{"start":{"line":324,"column":6},"end":{"line":330,"column":7}},{"start":{"line":324,"column":6},"end":{"line":330,"column":7}}],"line":324},"19":{"loc":{"start":{"line":326,"column":13},"end":{"line":330,"column":7}},"type":"if","locations":[{"start":{"line":326,"column":13},"end":{"line":330,"column":7}},{"start":{"line":326,"column":13},"end":{"line":330,"column":7}}],"line":326},"20":{"loc":{"start":{"line":348,"column":2},"end":{"line":350,"column":3}},"type":"if","locations":[{"start":{"line":348,"column":2},"end":{"line":350,"column":3}},{"start":{"line":348,"column":2},"end":{"line":350,"column":3}}],"line":348},"21":{"loc":{"start":{"line":365,"column":2},"end":{"line":367,"column":3}},"type":"if","locations":[{"start":{"line":365,"column":2},"end":{"line":367,"column":3}},{"start":{"line":365,"column":2},"end":{"line":367,"column":3}}],"line":365},"22":{"loc":{"start":{"line":371,"column":6},"end":{"line":377,"column":7}},"type":"if","locations":[{"start":{"line":371,"column":6},"end":{"line":377,"column":7}},{"start":{"line":371,"column":6},"end":{"line":377,"column":7}}],"line":371},"23":{"loc":{"start":{"line":373,"column":13},"end":{"line":377,"column":7}},"type":"if","locations":[{"start":{"line":373,"column":13},"end":{"line":377,"column":7}},{"start":{"line":373,"column":13},"end":{"line":377,"column":7}}],"line":373},"24":{"loc":{"start":{"line":394,"column":2},"end":{"line":396,"column":3}},"type":"if","locations":[{"start":{"line":394,"column":2},"end":{"line":396,"column":3}},{"start":{"line":394,"column":2},"end":{"line":396,"column":3}}],"line":394},"25":{"loc":{"start":{"line":410,"column":2},"end":{"line":412,"column":3}},"type":"if","locations":[{"start":{"line":410,"column":2},"end":{"line":412,"column":3}},{"start":{"line":410,"column":2},"end":{"line":412,"column":3}}],"line":410},"26":{"loc":{"start":{"line":416,"column":6},"end":{"line":422,"column":7}},"type":"if","locations":[{"start":{"line":416,"column":6},"end":{"line":422,"column":7}},{"start":{"line":416,"column":6},"end":{"line":422,"column":7}}],"line":416},"27":{"loc":{"start":{"line":418,"column":13},"end":{"line":422,"column":7}},"type":"if","locations":[{"start":{"line":418,"column":13},"end":{"line":422,"column":7}},{"start":{"line":418,"column":13},"end":{"line":422,"column":7}}],"line":418},"28":{"loc":{"start":{"line":440,"column":2},"end":{"line":442,"column":3}},"type":"if","locations":[{"start":{"line":440,"column":2},"end":{"line":442,"column":3}},{"start":{"line":440,"column":2},"end":{"line":442,"column":3}}],"line":440},"29":{"loc":{"start":{"line":468,"column":2},"end":{"line":470,"column":3}},"type":"if","locations":[{"start":{"line":468,"column":2},"end":{"line":470,"column":3}},{"start":{"line":468,"column":2},"end":{"line":470,"column":3}}],"line":468},"30":{"loc":{"start":{"line":480,"column":2},"end":{"line":482,"column":3}},"type":"if","locations":[{"start":{"line":480,"column":2},"end":{"line":482,"column":3}},{"start":{"line":480,"column":2},"end":{"line":482,"column":3}}],"line":480},"31":{"loc":{"start":{"line":486,"column":6},"end":{"line":492,"column":7}},"type":"if","locations":[{"start":{"line":486,"column":6},"end":{"line":492,"column":7}},{"start":{"line":486,"column":6},"end":{"line":492,"column":7}}],"line":486},"32":{"loc":{"start":{"line":488,"column":13},"end":{"line":492,"column":7}},"type":"if","locations":[{"start":{"line":488,"column":13},"end":{"line":492,"column":7}},{"start":{"line":488,"column":13},"end":{"line":492,"column":7}}],"line":488},"33":{"loc":{"start":{"line":507,"column":2},"end":{"line":509,"column":3}},"type":"if","locations":[{"start":{"line":507,"column":2},"end":{"line":509,"column":3}},{"start":{"line":507,"column":2},"end":{"line":509,"column":3}}],"line":507},"34":{"loc":{"start":{"line":525,"column":2},"end":{"line":527,"column":3}},"type":"if","locations":[{"start":{"line":525,"column":2},"end":{"line":527,"column":3}},{"start":{"line":525,"column":2},"end":{"line":527,"column":3}}],"line":525},"35":{"loc":{"start":{"line":529,"column":2},"end":{"line":531,"column":3}},"type":"if","locations":[{"start":{"line":529,"column":2},"end":{"line":531,"column":3}},{"start":{"line":529,"column":2},"end":{"line":531,"column":3}}],"line":529},"36":{"loc":{"start":{"line":533,"column":2},"end":{"line":536,"column":3}},"type":"if","locations":[{"start":{"line":533,"column":2},"end":{"line":536,"column":3}},{"start":{"line":533,"column":2},"end":{"line":536,"column":3}}],"line":533},"37":{"loc":{"start":{"line":541,"column":2},"end":{"line":562,"column":3}},"type":"if","locations":[{"start":{"line":541,"column":2},"end":{"line":562,"column":3}},{"start":{"line":541,"column":2},"end":{"line":562,"column":3}}],"line":541},"38":{"loc":{"start":{"line":543,"column":17},"end":{"line":544,"column":32}},"type":"binary-expr","locations":[{"start":{"line":543,"column":17},"end":{"line":543,"column":24}},{"start":{"line":543,"column":28},"end":{"line":543,"column":42}},{"start":{"line":544,"column":9},"end":{"line":544,"column":32}}],"line":543},"39":{"loc":{"start":{"line":546,"column":4},"end":{"line":548,"column":5}},"type":"if","locations":[{"start":{"line":546,"column":4},"end":{"line":548,"column":5}},{"start":{"line":546,"column":4},"end":{"line":548,"column":5}}],"line":546},"40":{"loc":{"start":{"line":553,"column":6},"end":{"line":557,"column":7}},"type":"if","locations":[{"start":{"line":553,"column":6},"end":{"line":557,"column":7}},{"start":{"line":553,"column":6},"end":{"line":557,"column":7}}],"line":553},"41":{"loc":{"start":{"line":566,"column":6},"end":{"line":572,"column":7}},"type":"if","locations":[{"start":{"line":566,"column":6},"end":{"line":572,"column":7}},{"start":{"line":566,"column":6},"end":{"line":572,"column":7}}],"line":566},"42":{"loc":{"start":{"line":568,"column":13},"end":{"line":572,"column":7}},"type":"if","locations":[{"start":{"line":568,"column":13},"end":{"line":572,"column":7}},{"start":{"line":568,"column":13},"end":{"line":572,"column":7}}],"line":568},"43":{"loc":{"start":{"line":590,"column":2},"end":{"line":592,"column":3}},"type":"if","locations":[{"start":{"line":590,"column":2},"end":{"line":592,"column":3}},{"start":{"line":590,"column":2},"end":{"line":592,"column":3}}],"line":590},"44":{"loc":{"start":{"line":607,"column":4},"end":{"line":609,"column":5}},"type":"if","locations":[{"start":{"line":607,"column":4},"end":{"line":609,"column":5}},{"start":{"line":607,"column":4},"end":{"line":609,"column":5}}],"line":607},"45":{"loc":{"start":{"line":607,"column":8},"end":{"line":607,"column":38}},"type":"binary-expr","locations":[{"start":{"line":607,"column":8},"end":{"line":607,"column":17}},{"start":{"line":607,"column":21},"end":{"line":607,"column":38}}],"line":607},"46":{"loc":{"start":{"line":611,"column":4},"end":{"line":613,"column":5}},"type":"if","locations":[{"start":{"line":611,"column":4},"end":{"line":613,"column":5}},{"start":{"line":611,"column":4},"end":{"line":613,"column":5}}],"line":611},"47":{"loc":{"start":{"line":615,"column":4},"end":{"line":617,"column":5}},"type":"if","locations":[{"start":{"line":615,"column":4},"end":{"line":617,"column":5}},{"start":{"line":615,"column":4},"end":{"line":617,"column":5}}],"line":615},"48":{"loc":{"start":{"line":615,"column":8},"end":{"line":615,"column":41}},"type":"binary-expr","locations":[{"start":{"line":615,"column":8},"end":{"line":615,"column":17}},{"start":{"line":615,"column":21},"end":{"line":615,"column":41}}],"line":615},"49":{"loc":{"start":{"line":619,"column":4},"end":{"line":621,"column":5}},"type":"if","locations":[{"start":{"line":619,"column":4},"end":{"line":621,"column":5}},{"start":{"line":619,"column":4},"end":{"line":621,"column":5}}],"line":619},"50":{"loc":{"start":{"line":626,"column":6},"end":{"line":632,"column":7}},"type":"if","locations":[{"start":{"line":626,"column":6},"end":{"line":632,"column":7}},{"start":{"line":626,"column":6},"end":{"line":632,"column":7}}],"line":626},"51":{"loc":{"start":{"line":628,"column":13},"end":{"line":632,"column":7}},"type":"if","locations":[{"start":{"line":628,"column":13},"end":{"line":632,"column":7}},{"start":{"line":628,"column":13},"end":{"line":632,"column":7}}],"line":628},"52":{"loc":{"start":{"line":646,"column":2},"end":{"line":648,"column":3}},"type":"if","locations":[{"start":{"line":646,"column":2},"end":{"line":648,"column":3}},{"start":{"line":646,"column":2},"end":{"line":648,"column":3}}],"line":646},"53":{"loc":{"start":{"line":679,"column":2},"end":{"line":681,"column":3}},"type":"if","locations":[{"start":{"line":679,"column":2},"end":{"line":681,"column":3}},{"start":{"line":679,"column":2},"end":{"line":681,"column":3}}],"line":679},"54":{"loc":{"start":{"line":684,"column":2},"end":{"line":687,"column":3}},"type":"if","locations":[{"start":{"line":684,"column":2},"end":{"line":687,"column":3}},{"start":{"line":684,"column":2},"end":{"line":687,"column":3}}],"line":684},"55":{"loc":{"start":{"line":717,"column":2},"end":{"line":719,"column":3}},"type":"if","locations":[{"start":{"line":717,"column":2},"end":{"line":719,"column":3}},{"start":{"line":717,"column":2},"end":{"line":719,"column":3}}],"line":717},"56":{"loc":{"start":{"line":733,"column":2},"end":{"line":735,"column":3}},"type":"if","locations":[{"start":{"line":733,"column":2},"end":{"line":735,"column":3}},{"start":{"line":733,"column":2},"end":{"line":735,"column":3}}],"line":733},"57":{"loc":{"start":{"line":750,"column":2},"end":{"line":752,"column":3}},"type":"if","locations":[{"start":{"line":750,"column":2},"end":{"line":752,"column":3}},{"start":{"line":750,"column":2},"end":{"line":752,"column":3}}],"line":750}},"s":{"0":1,"1":1,"2":1,"3":1,"4":1,"5":1,"6":1,"7":1,"8":1,"9":1,"10":1,"11":1,"12":1,"13":41,"14":82,"15":41,"16":41,"17":41,"18":41,"19":41,"20":41,"21":41,"22":41,"23":41,"24":41,"25":39,"26":39,"27":39,"28":39,"29":1,"30":1,"31":38,"32":41,"33":2,"34":41,"35":2,"36":41,"37":0,"38":41,"39":41,"40":1,"41":1,"42":1,"43":1,"44":24,"45":24,"46":24,"47":22,"48":22,"49":1,"50":8,"51":1,"52":1,"53":8,"54":2,"55":6,"56":6,"57":1,"58":5,"59":3,"60":3,"61":2,"62":2,"63":2,"64":1,"65":1,"66":0,"67":5,"68":5,"69":5,"70":3,"71":5,"72":1,"73":4,"74":0,"75":0,"76":4,"77":0,"78":4,"79":4,"80":4,"81":4,"82":4,"83":0,"84":4,"85":4,"86":0,"87":0,"88":0,"89":0,"90":0,"91":0,"92":4,"93":3,"94":3,"95":2,"96":1,"97":1,"98":0,"99":4,"100":4,"101":4,"102":2,"103":4,"104":1,"105":2,"106":0,"107":2,"108":2,"109":2,"110":1,"111":1,"112":1,"113":0,"114":2,"115":2,"116":2,"117":1,"118":2,"119":1,"120":4,"121":2,"122":2,"123":2,"124":2,"125":1,"126":1,"127":1,"128":0,"129":2,"130":2,"131":2,"132":1,"133":2,"134":1,"135":3,"136":0,"137":3,"138":3,"139":1,"140":2,"141":2,"142":2,"143":1,"144":1,"145":1,"146":0,"147":2,"148":2,"149":2,"150":1,"151":2,"152":1,"153":4,"154":2,"155":2,"156":1,"157":1,"158":0,"159":0,"160":1,"161":1,"162":1,"163":1,"164":0,"165":1,"166":1,"167":0,"168":0,"169":0,"170":0,"171":1,"172":0,"173":0,"174":0,"175":0,"176":0,"177":0,"178":1,"179":1,"180":1,"181":0,"182":1,"183":1,"184":5,"185":5,"186":1,"187":4,"188":0,"189":4,"190":0,"191":4,"192":1,"193":4,"194":4,"195":4,"196":3,"197":1,"198":1,"199":0,"200":4,"201":4,"202":4,"203":2,"204":4,"205":1,"206":2,"207":0,"208":2,"209":0,"210":0,"211":2,"212":2,"213":2,"214":2,"215":1,"216":1,"217":2,"218":2,"219":2,"220":2,"221":2,"222":0,"223":2,"224":1,"225":1,"226":0,"227":1,"228":1,"229":1,"230":0,"231":1},"f":{"0":41,"1":82,"2":39,"3":39,"4":39,"5":2,"6":2,"7":0,"8":24,"9":22,"10":8,"11":3,"12":3,"13":4,"14":3,"15":3,"16":2,"17":2,"18":2,"19":4,"20":2,"21":2,"22":3,"23":2,"24":2,"25":4,"26":0,"27":0,"28":5,"29":5,"30":4,"31":4,"32":2,"33":2,"34":1,"35":0,"36":1},"b":{"0":[41,24],"1":[41,41],"2":[1,38],"3":[1,7],"4":[2,6],"5":[6,4,2],"6":[1,5],"7":[2,1,0],"8":[3,2],"9":[0,4],"10":[0,4],"11":[0,4],"12":[4,4],"13":[4,0],"14":[4,4,1],"15":[0,4],"16":[0,0],"17":[0,0],"18":[2,1],"19":[1,0],"20":[2,2],"21":[0,2],"22":[1,1],"23":[1,0],"24":[1,1],"25":[2,2],"26":[1,1],"27":[1,0],"28":[1,1],"29":[0,3],"30":[1,2],"31":[1,1],"32":[1,0],"33":[1,1],"34":[2,2],"35":[1,1],"36":[0,1],"37":[1,0],"38":[1,1,0],"39":[0,1],"40":[0,0],"41":[0,0],"42":[0,0],"43":[0,1],"44":[1,4],"45":[5,2],"46":[0,4],"47":[0,4],"48":[4,1],"49":[1,3],"50":[3,1],"51":[1,0],"52":[2,2],"53":[0,2],"54":[0,2],"55":[0,2],"56":[0,1],"57":[0,1]},"_coverageSchema":"332fd63041d2c1bcb487cc26dd0d5f7d97098a6c","hash":"f3c962e83970090a8f2c7a637410b31af9ea4f11","contentHash":"634e3c275d0f106d40ec39d06bc0d25e_11.1.0"},"/Users/alex/Development/node-lwm2m/lib/router.js":{"path":"/Users/alex/Development/node-lwm2m/lib/router.js","statementMap":{"0":{"start":{"line":27,"column":12},"end":{"line":27,"column":37}},"1":{"start":{"line":28,"column":13},"end":{"line":28,"column":39}},"2":{"start":{"line":29,"column":10},"end":{"line":29,"column":24}},"3":{"start":{"line":31,"column":0},"end":{"line":79,"column":2}},"4":{"start":{"line":32,"column":15},"end":{"line":32,"column":29}},"5":{"start":{"line":33,"column":15},"end":{"line":33,"column":44}},"6":{"start":{"line":35,"column":2},"end":{"line":78,"column":4}},"7":{"start":{"line":36,"column":4},"end":{"line":39,"column":5}},"8":{"start":{"line":38,"column":6},"end":{"line":38,"column":25}},"9":{"start":{"line":41,"column":14},"end":{"line":41,"column":35}},"10":{"start":{"line":43,"column":4},"end":{"line":46,"column":5}},"11":{"start":{"line":44,"column":6},"end":{"line":44,"column":44}},"12":{"start":{"line":45,"column":6},"end":{"line":45,"column":13}},"13":{"start":{"line":48,"column":4},"end":{"line":48,"column":21}},"14":{"start":{"line":50,"column":17},"end":{"line":50,"column":27}},"15":{"start":{"line":51,"column":19},"end":{"line":51,"column":46}},"16":{"start":{"line":52,"column":22},"end":{"line":52,"column":24}},"17":{"start":{"line":53,"column":17},"end":{"line":53,"column":34}},"18":{"start":{"line":55,"column":4},"end":{"line":59,"column":7}},"19":{"start":{"line":56,"column":6},"end":{"line":58,"column":7}},"20":{"start":{"line":57,"column":8},"end":{"line":57,"column":35}},"21":{"start":{"line":61,"column":4},"end":{"line":65,"column":5}},"22":{"start":{"line":62,"column":6},"end":{"line":62,"column":24}},"23":{"start":{"line":63,"column":6},"end":{"line":63,"column":16}},"24":{"start":{"line":64,"column":6},"end":{"line":64,"column":13}},"25":{"start":{"line":67,"column":4},"end":{"line":71,"column":7}},"26":{"start":{"line":68,"column":6},"end":{"line":70,"column":9}},"27":{"start":{"line":69,"column":8},"end":{"line":69,"column":27}},"28":{"start":{"line":73,"column":4},"end":{"line":77,"column":7}},"29":{"start":{"line":74,"column":6},"end":{"line":74,"column":36}},"30":{"start":{"line":75,"column":6},"end":{"line":75,"column":25}},"31":{"start":{"line":76,"column":6},"end":{"line":76,"column":16}}},"fnMap":{"0":{"name":"(anonymous_0)","decl":{"start":{"line":31,"column":17},"end":{"line":31,"column":18}},"loc":{"start":{"line":31,"column":35},"end":{"line":79,"column":1}},"line":31},"1":{"name":"(anonymous_1)","decl":{"start":{"line":35,"column":9},"end":{"line":35,"column":10}},"loc":{"start":{"line":35,"column":28},"end":{"line":78,"column":3}},"line":35},"2":{"name":"(anonymous_2)","decl":{"start":{"line":55,"column":19},"end":{"line":55,"column":20}},"loc":{"start":{"line":55,"column":35},"end":{"line":59,"column":5}},"line":55},"3":{"name":"(anonymous_3)","decl":{"start":{"line":67,"column":24},"end":{"line":67,"column":25}},"loc":{"start":{"line":67,"column":36},"end":{"line":71,"column":5}},"line":67},"4":{"name":"(anonymous_4)","decl":{"start":{"line":68,"column":27},"end":{"line":68,"column":28}},"loc":{"start":{"line":68,"column":38},"end":{"line":70,"column":7}},"line":68},"5":{"name":"(anonymous_5)","decl":{"start":{"line":73,"column":17},"end":{"line":73,"column":18}},"loc":{"start":{"line":73,"column":31},"end":{"line":77,"column":5}},"line":73}},"branchMap":{"0":{"loc":{"start":{"line":36,"column":4},"end":{"line":39,"column":5}},"type":"if","locations":[{"start":{"line":36,"column":4},"end":{"line":39,"column":5}},{"start":{"line":36,"column":4},"end":{"line":39,"column":5}}],"line":36},"1":{"loc":{"start":{"line":36,"column":8},"end":{"line":37,"column":30}},"type":"binary-expr","locations":[{"start":{"line":36,"column":8},"end":{"line":36,"column":27}},{"start":{"line":36,"column":31},"end":{"line":36,"column":54}},{"start":{"line":37,"column":6},"end":{"line":37,"column":30}}],"line":36},"2":{"loc":{"start":{"line":43,"column":4},"end":{"line":46,"column":5}},"type":"if","locations":[{"start":{"line":43,"column":4},"end":{"line":46,"column":5}},{"start":{"line":43,"column":4},"end":{"line":46,"column":5}}],"line":43},"3":{"loc":{"start":{"line":56,"column":6},"end":{"line":58,"column":7}},"type":"if","locations":[{"start":{"line":56,"column":6},"end":{"line":58,"column":7}},{"start":{"line":56,"column":6},"end":{"line":58,"column":7}}],"line":56},"4":{"loc":{"start":{"line":56,"column":10},"end":{"line":56,"column":57}},"type":"binary-expr","locations":[{"start":{"line":56,"column":10},"end":{"line":56,"column":29}},{"start":{"line":56,"column":33},"end":{"line":56,"column":57}}],"line":56},"5":{"loc":{"start":{"line":61,"column":4},"end":{"line":65,"column":5}},"type":"if","locations":[{"start":{"line":61,"column":4},"end":{"line":65,"column":5}},{"start":{"line":61,"column":4},"end":{"line":65,"column":5}}],"line":61},"6":{"loc":{"start":{"line":74,"column":17},"end":{"line":74,"column":35}},"type":"binary-expr","locations":[{"start":{"line":74,"column":17},"end":{"line":74,"column":25}},{"start":{"line":74,"column":29},"end":{"line":74,"column":35}}],"line":74}},"s":{"0":1,"1":1,"2":1,"3":1,"4":47,"5":47,"6":47,"7":54,"8":0,"9":54,"10":54,"11":0,"12":0,"13":54,"14":54,"15":54,"16":54,"17":54,"18":54,"19":300,"20":146,"21":54,"22":0,"23":0,"24":0,"25":54,"26":146,"27":139,"28":54,"29":7,"30":7,"31":7},"f":{"0":47,"1":54,"2":300,"3":146,"4":139,"5":7},"b":{"0":[0,54],"1":[54,0,0],"2":[0,54],"3":[146,154],"4":[300,240],"5":[0,54],"6":[7,1]},"_coverageSchema":"332fd63041d2c1bcb487cc26dd0d5f7d97098a6c","hash":"ff6b2dd0ce59eccfe242dac5d64338925f4f1573","contentHash":"18eb16a4cfd95bb6523b4101d4dc02f4_11.1.0"},"/Users/alex/Development/node-lwm2m/lib/slidingWindow.js":{"path":"/Users/alex/Development/node-lwm2m/lib/slidingWindow.js","statementMap":{"0":{"start":{"line":27,"column":15},"end":{"line":30,"column":3}},"1":{"start":{"line":33,"column":4},"end":{"line":37,"column":5}},"2":{"start":{"line":34,"column":6},"end":{"line":34,"column":19}},"3":{"start":{"line":36,"column":6},"end":{"line":36,"column":18}},"4":{"start":{"line":41,"column":4},"end":{"line":41,"column":40}},"5":{"start":{"line":42,"column":4},"end":{"line":42,"column":57}},"6":{"start":{"line":45,"column":2},"end":{"line":48,"column":4}},"7":{"start":{"line":51,"column":0},"end":{"line":51,"column":37}}},"fnMap":{"0":{"name":"createSlidingWindow","decl":{"start":{"line":26,"column":9},"end":{"line":26,"column":28}},"loc":{"start":{"line":26,"column":35},"end":{"line":49,"column":1}},"line":26},"1":{"name":"containNumber","decl":{"start":{"line":32,"column":11},"end":{"line":32,"column":24}},"loc":{"start":{"line":32,"column":33},"end":{"line":38,"column":3}},"line":32},"2":{"name":"pushNumber","decl":{"start":{"line":40,"column":11},"end":{"line":40,"column":21}},"loc":{"start":{"line":40,"column":30},"end":{"line":43,"column":3}},"line":40}},"branchMap":{"0":{"loc":{"start":{"line":33,"column":4},"end":{"line":37,"column":5}},"type":"if","locations":[{"start":{"line":33,"column":4},"end":{"line":37,"column":5}},{"start":{"line":33,"column":4},"end":{"line":37,"column":5}}],"line":33}},"s":{"0":49,"1":56,"2":55,"3":1,"4":66,"5":66,"6":49,"7":1},"f":{"0":49,"1":56,"2":66},"b":{"0":[55,1]},"_coverageSchema":"332fd63041d2c1bcb487cc26dd0d5f7d97098a6c","hash":"24c36e9a36aadf87115934822fc412b3aaf64ac5","contentHash":"dac79c2423d0f95cc86f6e3ef2933f1c_11.1.0"},"/Users/alex/Development/node-lwm2m/lib/errors.js":{"path":"/Users/alex/Development/node-lwm2m/lib/errors.js","statementMap":{"0":{"start":{"line":26,"column":0},"end":{"line":67,"column":2}},"1":{"start":{"line":28,"column":4},"end":{"line":28,"column":36}},"2":{"start":{"line":29,"column":4},"end":{"line":29,"column":69}},"3":{"start":{"line":30,"column":4},"end":{"line":30,"column":23}},"4":{"start":{"line":33,"column":4},"end":{"line":33,"column":35}},"5":{"start":{"line":34,"column":4},"end":{"line":34,"column":38}},"6":{"start":{"line":35,"column":4},"end":{"line":35,"column":23}},"7":{"start":{"line":38,"column":4},"end":{"line":38,"column":35}},"8":{"start":{"line":39,"column":4},"end":{"line":39,"column":62}},"9":{"start":{"line":40,"column":4},"end":{"line":40,"column":23}},"10":{"start":{"line":43,"column":4},"end":{"line":43,"column":41}},"11":{"start":{"line":44,"column":4},"end":{"line":44,"column":44}},"12":{"start":{"line":45,"column":4},"end":{"line":45,"column":23}},"13":{"start":{"line":48,"column":4},"end":{"line":48,"column":31}},"14":{"start":{"line":49,"column":4},"end":{"line":49,"column":66}},"15":{"start":{"line":50,"column":4},"end":{"line":50,"column":21}},"16":{"start":{"line":53,"column":4},"end":{"line":53,"column":42}},"17":{"start":{"line":54,"column":4},"end":{"line":54,"column":80}},"18":{"start":{"line":55,"column":4},"end":{"line":55,"column":23}},"19":{"start":{"line":58,"column":4},"end":{"line":58,"column":40}},"20":{"start":{"line":59,"column":4},"end":{"line":59,"column":80}},"21":{"start":{"line":60,"column":4},"end":{"line":60,"column":23}},"22":{"start":{"line":63,"column":4},"end":{"line":63,"column":34}},"23":{"start":{"line":64,"column":4},"end":{"line":64,"column":23}},"24":{"start":{"line":65,"column":4},"end":{"line":65,"column":23}}},"fnMap":{"0":{"name":"(anonymous_0)","decl":{"start":{"line":27,"column":19},"end":{"line":27,"column":20}},"loc":{"start":{"line":27,"column":37},"end":{"line":31,"column":3}},"line":27},"1":{"name":"(anonymous_1)","decl":{"start":{"line":32,"column":18},"end":{"line":32,"column":19}},"loc":{"start":{"line":32,"column":29},"end":{"line":36,"column":3}},"line":32},"2":{"name":"(anonymous_2)","decl":{"start":{"line":37,"column":18},"end":{"line":37,"column":19}},"loc":{"start":{"line":37,"column":33},"end":{"line":41,"column":3}},"line":37},"3":{"name":"(anonymous_3)","decl":{"start":{"line":42,"column":25},"end":{"line":42,"column":26}},"loc":{"start":{"line":42,"column":37},"end":{"line":46,"column":3}},"line":42},"4":{"name":"(anonymous_4)","decl":{"start":{"line":47,"column":15},"end":{"line":47,"column":16}},"loc":{"start":{"line":47,"column":30},"end":{"line":51,"column":3}},"line":47},"5":{"name":"(anonymous_5)","decl":{"start":{"line":52,"column":25},"end":{"line":52,"column":26}},"loc":{"start":{"line":52,"column":39},"end":{"line":56,"column":3}},"line":52},"6":{"name":"(anonymous_6)","decl":{"start":{"line":57,"column":23},"end":{"line":57,"column":24}},"loc":{"start":{"line":57,"column":37},"end":{"line":61,"column":3}},"line":57},"7":{"name":"(anonymous_7)","decl":{"start":{"line":62,"column":18},"end":{"line":62,"column":19}},"loc":{"start":{"line":62,"column":32},"end":{"line":66,"column":3}},"line":62}},"branchMap":{},"s":{"0":1,"1":3,"2":3,"3":3,"4":67,"5":67,"6":67,"7":6,"8":6,"9":6,"10":1,"11":1,"12":1,"13":0,"14":0,"15":0,"16":0,"17":0,"18":0,"19":0,"20":0,"21":0,"22":1,"23":1,"24":1},"f":{"0":3,"1":67,"2":6,"3":1,"4":0,"5":0,"6":0,"7":1},"b":{},"_coverageSchema":"332fd63041d2c1bcb487cc26dd0d5f7d97098a6c","hash":"3bd1022c69d562650126933415575e7a2fb0710f","contentHash":"b796f65a2094097633fa6b17e1906ad1_11.1.0"},"/Users/alex/Development/node-lwm2m/lib/utils.js":{"path":"/Users/alex/Development/node-lwm2m/lib/utils.js","statementMap":{"0":{"start":{"line":26,"column":13},"end":{"line":26,"column":32}},"1":{"start":{"line":27,"column":12},"end":{"line":27,"column":30}},"2":{"start":{"line":28,"column":10},"end":{"line":28,"column":26}},"3":{"start":{"line":29,"column":14},"end":{"line":29,"column":41}},"4":{"start":{"line":30,"column":10},"end":{"line":30,"column":24}},"5":{"start":{"line":31,"column":11},"end":{"line":31,"column":26}},"6":{"start":{"line":32,"column":15},"end":{"line":32,"column":50}},"7":{"start":{"line":34,"column":0},"end":{"line":42,"column":2}},"8":{"start":{"line":35,"column":2},"end":{"line":41,"column":7}},"9":{"start":{"line":38,"column":6},"end":{"line":40,"column":9}},"10":{"start":{"line":39,"column":8},"end":{"line":39,"column":18}},"11":{"start":{"line":44,"column":0},"end":{"line":48,"column":2}},"12":{"start":{"line":45,"column":2},"end":{"line":47,"column":5}},"13":{"start":{"line":46,"column":4},"end":{"line":46,"column":36}},"14":{"start":{"line":51,"column":2},"end":{"line":54,"column":21}},"15":{"start":{"line":56,"column":0},"end":{"line":56,"column":30}},"16":{"start":{"line":58,"column":0},"end":{"line":67,"column":2}},"17":{"start":{"line":59,"column":14},"end":{"line":59,"column":41}},"18":{"start":{"line":62,"column":4},"end":{"line":62,"column":35}},"19":{"start":{"line":65,"column":2},"end":{"line":66,"column":39}},"20":{"start":{"line":69,"column":0},"end":{"line":71,"column":2}},"21":{"start":{"line":70,"column":2},"end":{"line":70,"column":28}},"22":{"start":{"line":74,"column":2},"end":{"line":74,"column":38}},"23":{"start":{"line":76,"column":0},"end":{"line":76,"column":28}},"24":{"start":{"line":78,"column":0},"end":{"line":80,"column":2}},"25":{"start":{"line":79,"column":2},"end":{"line":79,"column":28}},"26":{"start":{"line":83,"column":2},"end":{"line":83,"column":38}},"27":{"start":{"line":85,"column":0},"end":{"line":85,"column":32}},"28":{"start":{"line":87,"column":0},"end":{"line":89,"column":2}},"29":{"start":{"line":88,"column":2},"end":{"line":88,"column":28}},"30":{"start":{"line":92,"column":2},"end":{"line":92,"column":38}},"31":{"start":{"line":94,"column":0},"end":{"line":94,"column":32}},"32":{"start":{"line":96,"column":0},"end":{"line":99,"column":2}},"33":{"start":{"line":97,"column":12},"end":{"line":97,"column":36}},"34":{"start":{"line":98,"column":2},"end":{"line":98,"column":38}},"35":{"start":{"line":101,"column":0},"end":{"line":112,"column":2}},"36":{"start":{"line":102,"column":15},"end":{"line":102,"column":33}},"37":{"start":{"line":104,"column":11},"end":{"line":106,"column":4}},"38":{"start":{"line":105,"column":4},"end":{"line":105,"column":38}},"39":{"start":{"line":108,"column":2},"end":{"line":111,"column":5}},"40":{"start":{"line":109,"column":4},"end":{"line":110,"column":35}},"41":{"start":{"line":114,"column":0},"end":{"line":123,"column":2}},"42":{"start":{"line":115,"column":14},"end":{"line":117,"column":4}},"43":{"start":{"line":116,"column":4},"end":{"line":116,"column":32}},"44":{"start":{"line":119,"column":2},"end":{"line":120,"column":11}},"45":{"start":{"line":120,"column":4},"end":{"line":120,"column":11}},"46":{"start":{"line":122,"column":2},"end":{"line":122,"column":34}},"47":{"start":{"line":125,"column":0},"end":{"line":156,"column":2}},"48":{"start":{"line":128,"column":22},"end":{"line":128,"column":62}},"49":{"start":{"line":130,"column":2},"end":{"line":153,"column":3}},"50":{"start":{"line":132,"column":4},"end":{"line":136,"column":5}},"51":{"start":{"line":133,"column":6},"end":{"line":133,"column":46}},"52":{"start":{"line":135,"column":6},"end":{"line":135,"column":54}},"53":{"start":{"line":137,"column":4},"end":{"line":137,"column":10}},"54":{"start":{"line":139,"column":4},"end":{"line":143,"column":5}},"55":{"start":{"line":140,"column":6},"end":{"line":140,"column":44}},"56":{"start":{"line":142,"column":6},"end":{"line":142,"column":25}},"57":{"start":{"line":144,"column":4},"end":{"line":144,"column":10}},"58":{"start":{"line":146,"column":4},"end":{"line":146,"column":23}},"59":{"start":{"line":147,"column":4},"end":{"line":147,"column":10}},"60":{"start":{"line":149,"column":4},"end":{"line":149,"column":40}},"61":{"start":{"line":150,"column":4},"end":{"line":150,"column":10}},"62":{"start":{"line":152,"column":4},"end":{"line":152,"column":64}},"63":{"start":{"line":155,"column":2},"end":{"line":155,"column":14}},"64":{"start":{"line":158,"column":0},"end":{"line":179,"column":2}},"65":{"start":{"line":159,"column":2},"end":{"line":161,"column":3}},"66":{"start":{"line":160,"column":4},"end":{"line":160,"column":38}},"67":{"start":{"line":163,"column":2},"end":{"line":163,"column":25}},"68":{"start":{"line":167,"column":2},"end":{"line":176,"column":3}},"69":{"start":{"line":169,"column":4},"end":{"line":169,"column":45}},"70":{"start":{"line":170,"column":4},"end":{"line":170,"column":10}},"71":{"start":{"line":172,"column":4},"end":{"line":172,"column":43}},"72":{"start":{"line":173,"column":4},"end":{"line":173,"column":10}},"73":{"start":{"line":175,"column":4},"end":{"line":175,"column":56}},"74":{"start":{"line":178,"column":2},"end":{"line":178,"column":17}},"75":{"start":{"line":181,"column":0},"end":{"line":210,"column":2}},"76":{"start":{"line":182,"column":2},"end":{"line":209,"column":3}},"77":{"start":{"line":183,"column":4},"end":{"line":191,"column":5}},"78":{"start":{"line":184,"column":6},"end":{"line":184,"column":26}},"79":{"start":{"line":185,"column":11},"end":{"line":191,"column":5}},"80":{"start":{"line":186,"column":6},"end":{"line":186,"column":25}},"81":{"start":{"line":187,"column":11},"end":{"line":191,"column":5}},"82":{"start":{"line":188,"column":6},"end":{"line":188,"column":26}},"83":{"start":{"line":189,"column":11},"end":{"line":191,"column":5}},"84":{"start":{"line":190,"column":6},"end":{"line":190,"column":28}},"85":{"start":{"line":192,"column":9},"end":{"line":209,"column":3}},"86":{"start":{"line":193,"column":4},"end":{"line":199,"column":5}},"87":{"start":{"line":194,"column":6},"end":{"line":194,"column":26}},"88":{"start":{"line":195,"column":11},"end":{"line":199,"column":5}},"89":{"start":{"line":196,"column":6},"end":{"line":196,"column":25}},"90":{"start":{"line":197,"column":11},"end":{"line":199,"column":5}},"91":{"start":{"line":198,"column":6},"end":{"line":198,"column":25}},"92":{"start":{"line":200,"column":9},"end":{"line":209,"column":3}},"93":{"start":{"line":201,"column":4},"end":{"line":205,"column":5}},"94":{"start":{"line":202,"column":6},"end":{"line":202,"column":28}},"95":{"start":{"line":204,"column":6},"end":{"line":204,"column":26}},"96":{"start":{"line":207,"column":4},"end":{"line":208,"column":50}},"97":{"start":{"line":212,"column":0},"end":{"line":231,"column":2}},"98":{"start":{"line":213,"column":14},"end":{"line":213,"column":44}},"99":{"start":{"line":214,"column":12},"end":{"line":214,"column":34}},"100":{"start":{"line":215,"column":11},"end":{"line":215,"column":25}},"101":{"start":{"line":217,"column":2},"end":{"line":230,"column":5}},"102":{"start":{"line":218,"column":4},"end":{"line":218,"column":32}},"103":{"start":{"line":219,"column":4},"end":{"line":221,"column":7}},"104":{"start":{"line":220,"column":6},"end":{"line":220,"column":54}},"105":{"start":{"line":223,"column":4},"end":{"line":229,"column":5}},"106":{"start":{"line":224,"column":6},"end":{"line":224,"column":31}},"107":{"start":{"line":225,"column":6},"end":{"line":225,"column":20}},"108":{"start":{"line":226,"column":6},"end":{"line":226,"column":19}},"109":{"start":{"line":228,"column":6},"end":{"line":228,"column":16}}},"fnMap":{"0":{"name":"(anonymous_0)","decl":{"start":{"line":34,"column":17},"end":{"line":34,"column":18}},"loc":{"start":{"line":34,"column":45},"end":{"line":42,"column":1}},"line":34},"1":{"name":"(anonymous_1)","decl":{"start":{"line":37,"column":11},"end":{"line":37,"column":12}},"loc":{"start":{"line":37,"column":25},"end":{"line":41,"column":5}},"line":37},"2":{"name":"(anonymous_2)","decl":{"start":{"line":38,"column":17},"end":{"line":38,"column":18}},"loc":{"start":{"line":38,"column":28},"end":{"line":40,"column":7}},"line":38},"3":{"name":"(anonymous_3)","decl":{"start":{"line":44,"column":28},"end":{"line":44,"column":29}},"loc":{"start":{"line":44,"column":49},"end":{"line":48,"column":1}},"line":44},"4":{"name":"(anonymous_4)","decl":{"start":{"line":45,"column":21},"end":{"line":45,"column":22}},"loc":{"start":{"line":45,"column":39},"end":{"line":47,"column":3}},"line":45},"5":{"name":"splitPath","decl":{"start":{"line":50,"column":9},"end":{"line":50,"column":18}},"loc":{"start":{"line":50,"column":25},"end":{"line":55,"column":1}},"line":50},"6":{"name":"(anonymous_6)","decl":{"start":{"line":58,"column":23},"end":{"line":58,"column":24}},"loc":{"start":{"line":58,"column":38},"end":{"line":67,"column":1}},"line":58},"7":{"name":"inRange","decl":{"start":{"line":61,"column":11},"end":{"line":61,"column":18}},"loc":{"start":{"line":61,"column":24},"end":{"line":63,"column":3}},"line":61},"8":{"name":"(anonymous_8)","decl":{"start":{"line":69,"column":19},"end":{"line":69,"column":20}},"loc":{"start":{"line":69,"column":34},"end":{"line":71,"column":1}},"line":69},"9":{"name":"isObject","decl":{"start":{"line":73,"column":9},"end":{"line":73,"column":17}},"loc":{"start":{"line":73,"column":24},"end":{"line":75,"column":1}},"line":73},"10":{"name":"(anonymous_10)","decl":{"start":{"line":78,"column":21},"end":{"line":78,"column":22}},"loc":{"start":{"line":78,"column":36},"end":{"line":80,"column":1}},"line":78},"11":{"name":"isInstance","decl":{"start":{"line":82,"column":9},"end":{"line":82,"column":19}},"loc":{"start":{"line":82,"column":26},"end":{"line":84,"column":1}},"line":82},"12":{"name":"(anonymous_12)","decl":{"start":{"line":87,"column":21},"end":{"line":87,"column":22}},"loc":{"start":{"line":87,"column":36},"end":{"line":89,"column":1}},"line":87},"13":{"name":"isResource","decl":{"start":{"line":91,"column":9},"end":{"line":91,"column":19}},"loc":{"start":{"line":91,"column":26},"end":{"line":93,"column":1}},"line":91},"14":{"name":"(anonymous_14)","decl":{"start":{"line":96,"column":16},"end":{"line":96,"column":17}},"loc":{"start":{"line":96,"column":30},"end":{"
[...]
ocations":[{"start":{"line":187,"column":6},"end":{"line":192,"column":7}},{"start":{"line":187,"column":6},"end":{"line":192,"column":7}}],"line":187},"10":{"loc":{"start":{"line":206,"column":2},"end":{"line":212,"column":3}},"type":"if","locations":[{"start":{"line":206,"column":2},"end":{"line":212,"column":3}},{"start":{"line":206,"column":2},"end":{"line":212,"column":3}}],"line":206},"11":{"loc":{"start":{"line":220,"column":6},"end":{"line":225,"column":7}},"type":"if","locations":[{"start":{"line":220,"column":6},"end":{"line":225,"column":7}},{"start":{"line":220,"column":6},"end":{"line":225,"column":7}}],"line":220},"12":{"loc":{"start":{"line":233,"column":2},"end":{"line":235,"column":3}},"type":"if","locations":[{"start":{"line":233,"column":2},"end":{"line":235,"column":3}},{"start":{"line":233,"column":2},"end":{"line":235,"column":3}}],"line":233},"13":{"loc":{"start":{"line":242,"column":6},"end":{"line":246,"column":7}},"type":"if","locations":[{"start":{"line":242,"column":6},"end":{"line":246,"column":7}},{"start":{"line":242,"column":6},"end":{"line":246,"column":7}}],"line":242}},"s":{"0":1,"1":1,"2":1,"3":1,"4":59,"5":59,"6":59,"7":1,"8":1,"9":1,"10":1,"11":86,"12":31,"13":86,"14":1,"15":86,"16":86,"17":86,"18":86,"19":61,"20":25,"21":1,"22":91,"23":91,"24":28,"25":63,"26":1,"27":5,"28":5,"29":5,"30":5,"31":2,"32":3,"33":1,"34":58,"35":58,"36":58,"37":58,"38":58,"39":58,"40":1,"41":1,"42":1,"43":0,"44":58,"45":58,"46":1,"47":58,"48":58,"49":58,"50":58,"51":0,"52":58,"53":1,"54":6,"55":6,"56":4,"57":4,"58":4,"59":2,"60":1,"61":6,"62":6,"63":6,"64":6,"65":2,"66":4,"67":4,"68":1,"69":7,"70":7,"71":5,"72":5,"73":5,"74":2,"75":1,"76":6,"77":6,"78":6,"79":6,"80":2,"81":4,"82":4,"83":1,"84":59,"85":59,"86":0,"87":59,"88":1,"89":58,"90":58,"91":0},"f":{"0":59,"1":86,"2":31,"3":86,"4":86,"5":86,"6":91,"7":5,"8":5,"9":5,"10":58,"11":1,"12":1,"13":58,"14":58,"15":58,"16":6,"17":6,"18":6,"19":6,"20":7,"21":6,"22":6,"23":6,"24":59,"25":1,"26":58},"b":{"0":[59,0],"1":[31,30],"2":[61,25],"3":[28,63],"4":[2,3],"5":[58,0],"6":[1,0],"7":[0,58],"8":[4,2],"9":[2,4],"10":[5,2],"11":[2,4],"12":[0,59],"13":[58,0]},"_coverageSchema":"332fd63041d2c1bcb487cc26dd0d5f7d97098a6c","hash":"544c7b387ff27321b8fe9b055d35e6e298afa1bb","contentHash":"96a3518742526cfa499c7a1d4da29cfb_11.1.0"},"/Users/alex/Development/node-lwm2m/lib/server/decodestream.js":{"path":"/Users/alex/Development/node-lwm2m/lib/server/decodestream.js","statementMap":{"0":{"start":{"line":26,"column":14},"end":{"line":26,"column":42}},"1":{"start":{"line":27,"column":16},"end":{"line":27,"column":52}},"2":{"start":{"line":30,"column":2},"end":{"line":30,"column":33}},"3":{"start":{"line":31,"column":2},"end":{"line":31,"column":53}},"4":{"start":{"line":34,"column":0},"end":{"line":34,"column":60}},"5":{"start":{"line":35,"column":0},"end":{"line":35,"column":50}},"6":{"start":{"line":37,"column":0},"end":{"line":49,"column":2}},"7":{"start":{"line":38,"column":2},"end":{"line":46,"column":3}},"8":{"start":{"line":40,"column":4},"end":{"line":40,"column":38}},"9":{"start":{"line":41,"column":4},"end":{"line":41,"column":10}},"10":{"start":{"line":44,"column":4},"end":{"line":44,"column":21}},"11":{"start":{"line":45,"column":4},"end":{"line":45,"column":10}},"12":{"start":{"line":48,"column":2},"end":{"line":48,"column":13}},"13":{"start":{"line":51,"column":0},"end":{"line":54,"column":2}},"14":{"start":{"line":52,"column":2},"end":{"line":52,"column":18}},"15":{"start":{"line":53,"column":2},"end":{"line":53,"column":21}},"16":{"start":{"line":56,"column":0},"end":{"line":56,"column":30}}},"fnMap":{"0":{"name":"DecodeStream","decl":{"start":{"line":29,"column":9},"end":{"line":29,"column":21}},"loc":{"start":{"line":29,"column":35},"end":{"line":32,"column":1}},"line":29},"1":{"name":"(anonymous_1)","decl":{"start":{"line":37,"column":36},"end":{"line":37,"column":37}},"loc":{"start":{"line":37,"column":72},"end":{"line":49,"column":1}},"line":37},"2":{"name":"(anonymous_2)","decl":{"start":{"line":51,"column":31},"end":{"line":51,"column":32}},"loc":{"start":{"line":51,"column":42},"end":{"line":54,"column":1}},"line":51}},"branchMap":{"0":{"loc":{"start":{"line":38,"column":2},"end":{"line":46,"column":3}},"type":"switch","locations":[{"start":{"line":39,"column":2},"end":{"line":41,"column":10}},{"start":{"line":42,"column":2},"end":{"line":45,"column":10}}],"line":38}},"s":{"0":1,"1":1,"2":2,"3":2,"4":1,"5":1,"6":1,"7":4,"8":4,"9":4,"10":0,"11":0,"12":4,"13":1,"14":1,"15":1,"16":1},"f":{"0":2,"1":4,"2":1},"b":{"0":[4,0]},"_coverageSchema":"332fd63041d2c1bcb487cc26dd0d5f7d97098a6c","hash":"72d154dfd4221ea337441c3a77384b9b300098ae","contentHash":"77aec3b3c85af6dd9cfb15359be0c71b_11.1.0"},"/Users/alex/Development/node-lwm2m/lib/server/bootstrap/index.js":{"path":"/Users/alex/Development/node-lwm2m/lib/server/bootstrap/index.js","statementMap":{"0":{"start":{"line":26,"column":11},"end":{"line":26,"column":26}},"1":{"start":{"line":27,"column":12},"end":{"line":27,"column":37}},"2":{"start":{"line":28,"column":13},"end":{"line":28,"column":36}},"3":{"start":{"line":29,"column":17},"end":{"line":29,"column":34}},"4":{"start":{"line":30,"column":15},"end":{"line":30,"column":37}},"5":{"start":{"line":31,"column":12},"end":{"line":31,"column":34}},"6":{"start":{"line":32,"column":13},"end":{"line":32,"column":27}},"7":{"start":{"line":33,"column":13},"end":{"line":33,"column":36}},"8":{"start":{"line":37,"column":2},"end":{"line":40,"column":37}},"9":{"start":{"line":79,"column":2},"end":{"line":81,"column":3}},"10":{"start":{"line":80,"column":4},"end":{"line":80,"column":32}},"11":{"start":{"line":83,"column":13},"end":{"line":83,"column":36}},"12":{"start":{"line":84,"column":2},"end":{"line":84,"column":30}},"13":{"start":{"line":86,"column":2},"end":{"line":86,"column":34}},"14":{"start":{"line":88,"column":15},"end":{"line":96,"column":4}},"15":{"start":{"line":98,"column":2},"end":{"line":98,"column":29}},"16":{"start":{"line":101,"column":0},"end":{"line":105,"column":3}},"17":{"start":{"line":107,"column":0},"end":{"line":107,"column":40}},"18":{"start":{"line":109,"column":0},"end":{"line":130,"column":2}},"19":{"start":{"line":110,"column":14},"end":{"line":110,"column":30}},"20":{"start":{"line":111,"column":15},"end":{"line":113,"column":4}},"21":{"start":{"line":115,"column":14},"end":{"line":115,"column":18}},"22":{"start":{"line":117,"column":2},"end":{"line":129,"column":5}},"23":{"start":{"line":118,"column":4},"end":{"line":128,"column":5}},"24":{"start":{"line":119,"column":6},"end":{"line":125,"column":9}},"25":{"start":{"line":120,"column":8},"end":{"line":124,"column":9}},"26":{"start":{"line":121,"column":10},"end":{"line":121,"column":22}},"27":{"start":{"line":123,"column":10},"end":{"line":123,"column":20}},"28":{"start":{"line":127,"column":6},"end":{"line":127,"column":43}},"29":{"start":{"line":132,"column":0},"end":{"line":132,"column":55}},"30":{"start":{"line":172,"column":0},"end":{"line":172,"column":49}},"31":{"start":{"line":184,"column":0},"end":{"line":184,"column":51}},"32":{"start":{"line":195,"column":0},"end":{"line":228,"column":2}},"33":{"start":{"line":196,"column":24},"end":{"line":204,"column":3}},"34":{"start":{"line":197,"column":4},"end":{"line":203,"column":7}},"35":{"start":{"line":198,"column":6},"end":{"line":202,"column":7}},"36":{"start":{"line":199,"column":8},"end":{"line":199,"column":46}},"37":{"start":{"line":201,"column":8},"end":{"line":201,"column":49}},"38":{"start":{"line":206,"column":14},"end":{"line":206,"column":18}},"39":{"start":{"line":208,"column":2},"end":{"line":208,"column":61}},"40":{"start":{"line":210,"column":16},"end":{"line":221,"column":26}},"41":{"start":{"line":212,"column":6},"end":{"line":212,"column":57}},"42":{"start":{"line":215,"column":6},"end":{"line":219,"column":9}},"43":{"start":{"line":223,"column":2},"end":{"line":225,"column":3}},"44":{"start":{"line":224,"column":4},"end":{"line":224,"column":36}},"45":{"start":{"line":227,"column":2},"end":{"line":227,"column":17}},"46":{"start":{"line":234,"column":0},"end":{"line":234,"column":38}}},"fnMap":{"0":{"name":"defaultOptions","decl":{"start":{"line":36,"column":9},"end":{"line":36,"column":23}},"loc":{"start":{"line":36,"column":33},"end":{"line":41,"column":1}},"line":36},"1":{"name":"BServer","decl":{"start":{"line":78,"column":9},"end":{"line":78,"column":16}},"loc":{"start":{"line":78,"column":26},"end":{"line":99,"column":1}},"line":78},"2":{"name":"(anonymous_2)","decl":{"start":{"line":109,"column":30},"end":{"line":109,"column":31}},"loc":{"start":{"line":109,"column":49},"end":{"line":130,"column":1}},"line":109},"3":{"name":"(anonymous_3)","decl":{"start":{"line":117,"column":21},"end":{"line":117,"column":22}},"loc":{"start":{"line":117,"column":47},"end":{"line":129,"column":3}},"line":117},"4":{"name":"(anonymous_4)","decl":{"start":{"line":119,"column":45},"end":{"line":119,"column":46}},"loc":{"start":{"line":119,"column":59},"end":{"line":125,"column":7}},"line":119},"5":{"name":"(anonymous_5)","decl":{"start":{"line":195,"column":27},"end":{"line":195,"column":28}},"loc":{"start":{"line":195,"column":56},"end":{"line":228,"column":1}},"line":195},"6":{"name":"(anonymous_6)","decl":{"start":{"line":196,"column":24},"end":{"line":196,"column":25}},"loc":{"start":{"line":196,"column":38},"end":{"line":204,"column":3}},"line":196},"7":{"name":"(anonymous_7)","decl":{"start":{"line":197,"column":23},"end":{"line":197,"column":24}},"loc":{"start":{"line":197,"column":49},"end":{"line":203,"column":5}},"line":197},"8":{"name":"(anonymous_8)","decl":{"start":{"line":211,"column":10},"end":{"line":211,"column":11}},"loc":{"start":{"line":211,"column":27},"end":{"line":213,"column":5}},"line":211},"9":{"name":"(anonymous_9)","decl":{"start":{"line":214,"column":10},"end":{"line":214,"column":11}},"loc":{"start":{"line":214,"column":21},"end":{"line":220,"column":5}},"line":214}},"branchMap":{"0":{"loc":{"start":{"line":40,"column":5},"end":{"line":40,"column":18}},"type":"binary-expr","locations":[{"start":{"line":40,"column":5},"end":{"line":40,"column":12}},{"start":{"line":40,"column":16},"end":{"line":40,"column":18}}],"line":40},"1":{"loc":{"start":{"line":79,"column":2},"end":{"line":81,"column":3}},"type":"if","locations":[{"start":{"line":79,"column":2},"end":{"line":81,"column":3}},{"start":{"line":79,"column":2},"end":{"line":81,"column":3}}],"line":79},"2":{"loc":{"start":{"line":118,"column":4},"end":{"line":128,"column":5}},"type":"if","locations":[{"start":{"line":118,"column":4},"end":{"line":128,"column":5}},{"start":{"line":118,"column":4},"end":{"line":128,"column":5}}],"line":118},"3":{"loc":{"start":{"line":120,"column":8},"end":{"line":124,"column":9}},"type":"if","locations":[{"start":{"line":120,"column":8},"end":{"line":124,"column":9}},{"start":{"line":120,"column":8},"end":{"line":124,"column":9}}],"line":120},"4":{"loc":{"start":{"line":198,"column":6},"end":{"line":202,"column":7}},"type":"if","locations":[{"start":{"line":198,"column":6},"end":{"line":202,"column":7}},{"start":{"line":198,"column":6},"end":{"line":202,"column":7}}],"line":198},"5":{"loc":{"start":{"line":223,"column":2},"end":{"line":225,"column":3}},"type":"if","locations":[{"start":{"line":223,"column":2},"end":{"line":225,"column":3}},{"start":{"line":223,"column":2},"end":{"line":225,"column":3}}],"line":223}},"s":{"0":1,"1":1,"2":1,"3":1,"4":1,"5":1,"6":1,"7":1,"8":6,"9":12,"10":6,"11":6,"12":6,"13":6,"14":6,"15":6,"16":1,"17":1,"18":1,"19":6,"20":6,"21":6,"22":6,"23":6,"24":6,"25":6,"26":1,"27":5,"28":0,"29":1,"30":1,"31":1,"32":1,"33":1,"34":0,"35":0,"36":0,"37":0,"38":1,"39":1,"40":1,"41":1,"42":1,"43":1,"44":0,"45":1,"46":1},"f":{"0":6,"1":12,"2":6,"3":6,"4":6,"5":1,"6":0,"7":0,"8":1,"9":1},"b":{"0":[6,0],"1":[6,6],"2":[6,0],"3":[1,5],"4":[0,0],"5":[0,1]},"_coverageSchema":"332fd63041d2c1bcb487cc26dd0d5f7d97098a6c","hash":"f096e38cba05df7b34b9b5322c5de27f54c3c212","contentHash":"c94bfe350d44d710fab2a09553cb64c1_11.1.0"},"/Users/alex/Development/node-lwm2m/lib/server/bootstrap/request.js":{"path":"/Users/alex/Development/node-lwm2m/lib/server/bootstrap/request.js","statementMap":{"0":{"start":{"line":26,"column":12},"end":{"line":26,"column":34}},"1":{"start":{"line":28,"column":0},"end":{"line":39,"column":2}},"2":{"start":{"line":29,"column":2},"end":{"line":38,"column":4}},"3":{"start":{"line":30,"column":4},"end":{"line":37,"column":9}},"4":{"start":{"line":35,"column":8},"end":{"line":35,"column":26}},"5":{"start":{"line":36,"column":8},"end":{"line":36,"column":18}}},"fnMap":{"0":{"name":"(anonymous_0)","decl":{"start":{"line":28,"column":17},"end":{"line":28,"column":18}},"loc":{"start":{"line":28,"column":36},"end":{"line":39,"column":1}},"line":28},"1":{"name":"(anonymous_1)","decl":{"start":{"line":29,"column":9},"end":{"line":29,"column":10}},"loc":{"start":{"line":29,"column":28},"end":{"line":38,"column":3}},"line":29},"2":{"name":"(anonymous_2)","decl":{"start":{"line":34,"column":12},"end":{"line":34,"column":13}},"loc":{"start":{"line":34,"column":23},"end":{"line":37,"column":7}},"line":34}},"branchMap":{},"s":{"0":1,"1":1,"2":6,"3":5,"4":5,"5":5},"f":{"0":6,"1":5,"2":5},"b":{},"_coverageSchema":"332fd63041d2c1bcb487cc26dd0d5f7d97098a6c","hash":"c6875a7b769e1c62a88c4d91bac486d6d7f8ea53","contentHash":"78f13112784433e1d30c523ccd957867_11.1.0"},"/Users/alex/Development/node-lwm2m/lib/server/validate.js":{"path":"/Users/alex/Development/node-lwm2m/lib/server/validate.js","statementMap":{"0":{"start":{"line":26,"column":12},"end":{"line":26,"column":31}},"1":{"start":{"line":27,"column":13},"end":{"line":27,"column":33}},"2":{"start":{"line":29,"column":0},"end":{"line":43,"column":2}},"3":{"start":{"line":30,"column":14},"end":{"line":30,"column":30}},"4":{"start":{"line":31,"column":17},"end":{"line":31,"column":19}},"5":{"start":{"line":32,"column":17},"end":{"line":32,"column":37}},"6":{"start":{"line":34,"column":2},"end":{"line":36,"column":3}},"7":{"start":{"line":35,"column":4},"end":{"line":35,"column":24}},"8":{"start":{"line":38,"column":2},"end":{"line":42,"column":3}},"9":{"start":{"line":39,"column":4},"end":{"line":39,"column":29}},"10":{"start":{"line":41,"column":4},"end":{"line":41,"column":56}}},"fnMap":{"0":{"name":"(anonymous_0)","decl":{"start":{"line":29,"column":17},"end":{"line":29,"column":18}},"loc":{"start":{"line":29,"column":36},"end":{"line":43,"column":1}},"line":29}},"branchMap":{"0":{"loc":{"start":{"line":34,"column":2},"end":{"line":36,"column":3}},"type":"if","locations":[{"start":{"line":34,"column":2},"end":{"line":36,"column":3}},{"start":{"line":34,"column":2},"end":{"line":36,"column":3}}],"line":34},"1":{"loc":{"start":{"line":38,"column":2},"end":{"line":42,"column":3}},"type":"if","locations":[{"start":{"line":38,"column":2},"end":{"line":42,"column":3}},{"start":{"line":38,"column":2},"end":{"line":42,"column":3}}],"line":38}},"s":{"0":1,"1":1,"2":1,"3":45,"4":45,"5":45,"6":45,"7":41,"8":45,"9":42,"10":3},"f":{"0":45},"b":{"0":[41,4],"1":[42,3]},"_coverageSchema":"332fd63041d2c1bcb487cc26dd0d5f7d97098a6c","hash":"5385ae6fced88fc5ebe7f88c29f2be6f8c48a787","contentHash":"0b53a5d23095e4125d7767ff0360c516_11.1.0"},"/Users/alex/Development/node-lwm2m/lib/server/register.js":{"path":"/Users/alex/Development/node-lwm2m/lib/server/register.js","statementMap":{"0":{"start":{"line":26,"column":12},"end":{"line":26,"column":31}},"1":{"start":{"line":28,"column":0},"end":{"line":41,"column":2}},"2":{"start":{"line":29,"column":2},"end":{"line":40,"column":4}},"3":{"start":{"line":30,"column":17},"end":{"line":32,"column":18}},"4":{"start":{"line":34,"column":4},"end":{"line":39,"column":9}},"5":{"start":{"line":36,"column":8},"end":{"line":36,"column":26}},"6":{"start":{"line":37,"column":8},"end":{"line":37,"column":58}},"7":{"start":{"line":38,"column":8},"end":{"line":38,"column":18}}},"fnMap":{"0":{"name":"(anonymous_0)","decl":{"start":{"line":28,"column":17},"end":{"line":28,"column":18}},"loc":{"start":{"line":28,"column":36},"end":{"line":41,"column":1}},"line":28},"1":{"name":"(anonymous_1)","decl":{"start":{"line":29,"column":9},"end":{"line":29,"column":10}},"loc":{"start":{"line":29,"column":28},"end":{"line":40,"column":3}},"line":29},"2":{"name":"(anonymous_2)","decl":{"start":{"line":35,"column":12},"end":{"line":35,"column":13}},"loc":{"start":{"line":35,"column":31},"end":{"line":39,"column":7}},"line":35}},"branchMap":{},"s":{"0":1,"1":1,"2":41,"3":38,"4":38,"5":38,"6":38,"7":38},"f":{"0":41,"1":38,"2":38},"b":{},"_coverageSchema":"332fd63041d2c1bcb487cc26dd0d5f7d97098a6c","hash":"d58df0554ea854c5ae659a2ca476a6e1f3375844","contentHash":"957ec5d014307e87225c01a0f1ca68c7_11.1.0"},"/Users/alex/Development/node-lwm2m/lib/server/update.js":{"path":"/Users/alex/Development/node-lwm2m/lib/server/update.js","statementMap":{"0":{"start":{"line":26,"column":12},"end":{"line":26,"column":31}},"1":{"start":{"line":27,"column":10},"end":{"line":27,"column":24}},"2":{"start":{"line":29,"column":0},"end":{"line":43,"column":2}},"3":{"start":{"line":30,"column":2},"end":{"line":42,"column":4}},"4":{"start":{"line":31,"column":15},"end":{"line":31,"column":42}},"5":{"start":{"line":32,"column":19},"end":{"line":32,"column":46}},"6":{"start":{"line":33,"column":17},"end":{"line":35,"column":18}},"7":{"start":{"line":37,"column":4},"end":{"line":41,"column":9}},"8":{"start":{"line":39,"column":8},"end":{"line":39,"column":26}},"9":{"start":{"line":40,"column":8},"end":{"line":40,"column":18}}},"fnMap":{"0":{"name":"(anonymous_0)","decl":{"start":{"line":29,"column":17},"end":{"line":29,"column":18}},"loc":{"start":{"line":29,"column":36},"end":{"line":43,"column":1}},"line":29},"1":{"name":"(anonymous_1)","decl":{"start":{"line":30,"column":9},"end":{"line":30,"column":10}},"loc":{"start":{"line":30,"column":28},"end":{"line":42,"column":3}},"line":30},"2":{"name":"(anonymous_2)","decl":{"start":{"line":38,"column":12},"end":{"line":38,"column":13}},"loc":{"start":{"line":38,"column":23},"end":{"line":41,"column":7}},"line":38}},"branchMap":{},"s":{"0":1,"1":1,"2":1,"3":41,"4":3,"5":3,"6":3,"7":3,"8":2,"9":2},"f":{"0":41,"1":3,"2":2},"b":{},"_coverageSchema":"332fd63041d2c1bcb487cc26dd0d5f7d97098a6c","hash":"bdc19a93ed5384b779f7fca375a7964b7bee1747","contentHash":"15bacac2d855ed76915555cc59332c73_11.1.0"},"/Users/alex/Development/node-lwm2m/lib/server/deregister.js":{"path":"/Users/alex/Development/node-lwm2m/lib/server/deregister.js","statementMap":{"0":{"start":{"line":26,"column":12},"end":{"line":26,"column":31}},"1":{"start":{"line":27,"column":10},"end":{"line":27,"column":24}},"2":{"start":{"line":29,"column":0},"end":{"line":40,"column":2}},"3":{"start":{"line":30,"column":2},"end":{"line":39,"column":4}},"4":{"start":{"line":31,"column":15},"end":{"line":31,"column":42}},"5":{"start":{"line":32,"column":19},"end":{"line":32,"column":46}},"6":{"start":{"line":34,"column":4},"end":{"line":38,"column":9}},"7":{"start":{"line":36,"column":8},"end":{"line":36,"column":26}},"8":{"start":{"line":37,"column":8},"end":{"line":37,"column":18}}},"fnMap":{"0":{"name":"(anonymous_0)","decl":{"start":{"line":29,"column":17},"end":{"line":29,"column":18}},"loc":{"start":{"line":29,"column":36},"end":{"line":40,"column":1}},"line":29},"1":{"name":"(anonymous_1)","decl":{"start":{"line":30,"column":9},"end":{"line":30,"column":10}},"loc":{"start":{"line":30,"column":28},"end":{"line":39,"column":3}},"line":30},"2":{"name":"(anonymous_2)","decl":{"start":{"line":35,"column":12},"end":{"line":35,"column":13}},"loc":{"start":{"line":35,"column":23},"end":{"line":38,"column":7}},"line":35}},"branchMap":{},"s":{"0":1,"1":1,"2":1,"3":41,"4":3,"5":3,"6":3,"7":2,"8":2},"f":{"0":41,"1":3,"2":2},"b":{},"_coverageSchema":"332fd63041d2c1bcb487cc26dd0d5f7d97098a6c","hash":"afc2c3f477c7ced4673aa7dc2129eb8188b7d85c","contentHash":"be8da892f9468f7c289df8b6b0924238_11.1.0"}}